<?xml version="1.0" encoding="UTF-8"?>
<coverage generated="1540617523049" clover="3.2.0">
  <project timestamp="1540617523049" name="All files">
    <metrics statements="655" coveredstatements="410" conditionals="475" coveredconditionals="228" methods="137" coveredmethods="79" elements="1267" coveredelements="717" complexity="0" loc="655" ncloc="655" packages="8" files="35" classes="35">
      <package name="app.javascript.easybib">
        <metrics statements="94" coveredstatements="32" conditionals="72" coveredconditionals="21" methods="5" coveredmethods="0"/>
        <file name="EBRouter.tsx" path="/Users/reywright/repos/wallaby-troubleshoot/app/javascript/easybib/EBRouter.tsx">
          <metrics statements="20" coveredstatements="0" conditionals="8" coveredconditionals="0" methods="2" coveredmethods="0"/>
          <line num="3" count="0" type="stmt"/>
          <line num="6" count="0" type="stmt"/>
          <line num="8" count="0" type="stmt"/>
          <line num="10" count="0" type="stmt"/>
          <line num="12" count="0" type="stmt"/>
          <line num="14" count="0" type="stmt"/>
          <line num="16" count="0" type="stmt"/>
          <line num="18" count="0" type="cond" truecount="0" falsecount="4"/>
          <line num="20" count="0" type="stmt"/>
          <line num="21" count="0" type="stmt"/>
          <line num="22" count="0" type="stmt"/>
          <line num="23" count="0" type="stmt"/>
          <line num="24" count="0" type="cond" truecount="0" falsecount="2"/>
          <line num="25" count="0" type="stmt"/>
          <line num="27" count="0" type="cond" truecount="0" falsecount="2"/>
          <line num="28" count="0" type="stmt"/>
          <line num="33" count="0" type="stmt"/>
          <line num="34" count="0" type="stmt"/>
          <line num="40" count="0" type="stmt"/>
          <line num="42" count="0" type="stmt"/>
        </file>
        <file name="config.ts" path="/Users/reywright/repos/wallaby-troubleshoot/app/javascript/easybib/config.ts">
          <metrics statements="1" coveredstatements="1" conditionals="22" coveredconditionals="21" methods="0" coveredmethods="0"/>
          <line num="7" count="1" type="stmt"/>
        </file>
        <file name="configureApi.ts" path="/Users/reywright/repos/wallaby-troubleshoot/app/javascript/easybib/configureApi.ts">
          <metrics statements="17" coveredstatements="0" conditionals="10" coveredconditionals="0" methods="1" coveredmethods="0"/>
          <line num="3" count="0" type="stmt"/>
          <line num="6" count="0" type="stmt"/>
          <line num="8" count="0" type="stmt"/>
          <line num="10" count="0" type="stmt"/>
          <line num="12" count="0" type="stmt"/>
          <line num="14" count="0" type="cond" truecount="0" falsecount="4"/>
          <line num="16" count="0" type="cond" truecount="0" falsecount="2"/>
          <line num="17" count="0" type="stmt"/>
          <line num="28" count="0" type="stmt"/>
          <line num="29" count="0" type="stmt"/>
          <line num="32" count="0" type="stmt"/>
          <line num="33" count="0" type="stmt"/>
          <line num="34" count="0" type="stmt"/>
          <line num="42" count="0" type="stmt"/>
          <line num="43" count="0" type="stmt"/>
          <line num="53" count="0" type="stmt"/>
          <line num="55" count="0" type="stmt"/>
        </file>
        <file name="constants.ts" path="/Users/reywright/repos/wallaby-troubleshoot/app/javascript/easybib/constants.ts">
          <metrics statements="31" coveredstatements="31" conditionals="0" coveredconditionals="0" methods="0" coveredmethods="0"/>
          <line num="2" count="3" type="stmt"/>
          <line num="3" count="3" type="stmt"/>
          <line num="12" count="3" type="stmt"/>
          <line num="20" count="3" type="stmt"/>
          <line num="21" count="3" type="stmt"/>
          <line num="22" count="3" type="stmt"/>
          <line num="23" count="3" type="stmt"/>
          <line num="24" count="3" type="stmt"/>
          <line num="25" count="3" type="stmt"/>
          <line num="26" count="3" type="stmt"/>
          <line num="28" count="3" type="stmt"/>
          <line num="29" count="3" type="stmt"/>
          <line num="30" count="3" type="stmt"/>
          <line num="31" count="3" type="stmt"/>
          <line num="32" count="3" type="stmt"/>
          <line num="36" count="3" type="stmt"/>
          <line num="37" count="3" type="stmt"/>
          <line num="39" count="3" type="stmt"/>
          <line num="40" count="3" type="stmt"/>
          <line num="41" count="3" type="stmt"/>
          <line num="42" count="3" type="stmt"/>
          <line num="43" count="3" type="stmt"/>
          <line num="44" count="3" type="stmt"/>
          <line num="45" count="3" type="stmt"/>
          <line num="48" count="3" type="stmt"/>
          <line num="49" count="3" type="stmt"/>
          <line num="52" count="3" type="stmt"/>
          <line num="55" count="3" type="stmt"/>
          <line num="58" count="3" type="stmt"/>
          <line num="59" count="3" type="stmt"/>
          <line num="60" count="3" type="stmt"/>
        </file>
        <file name="store.ts" path="/Users/reywright/repos/wallaby-troubleshoot/app/javascript/easybib/store.ts">
          <metrics statements="25" coveredstatements="0" conditionals="32" coveredconditionals="0" methods="2" coveredmethods="0"/>
          <line num="3" count="0" type="stmt"/>
          <line num="6" count="0" type="stmt"/>
          <line num="8" count="0" type="stmt"/>
          <line num="10" count="0" type="stmt"/>
          <line num="12" count="0" type="stmt"/>
          <line num="14" count="0" type="stmt"/>
          <line num="16" count="0" type="stmt"/>
          <line num="18" count="0" type="stmt"/>
          <line num="20" count="0" type="stmt"/>
          <line num="22" count="0" type="cond" truecount="0" falsecount="16"/>
          <line num="24" count="0" type="cond" truecount="0" falsecount="4"/>
          <line num="26" count="0" type="stmt"/>
          <line num="32" count="0" type="stmt"/>
          <line num="37" count="0" type="cond" truecount="0" falsecount="2"/>
          <line num="38" count="0" type="cond" truecount="0" falsecount="2"/>
          <line num="39" count="0" type="stmt"/>
          <line num="42" count="0" type="stmt"/>
          <line num="44" count="0" type="cond" truecount="0" falsecount="2"/>
          <line num="45" count="0" type="cond" truecount="0" falsecount="2"/>
          <line num="46" count="0" type="stmt"/>
          <line num="53" count="0" type="cond" truecount="0" falsecount="4"/>
          <line num="55" count="0" type="stmt"/>
          <line num="57" count="0" type="stmt"/>
          <line num="60" count="0" type="stmt"/>
          <line num="62" count="0" type="stmt"/>
        </file>
      </package>
      <package name="app.javascript.easybib.components.Box">
        <metrics statements="17" coveredstatements="17" conditionals="46" coveredconditionals="13" methods="1" coveredmethods="1"/>
        <file name="index.tsx" path="/Users/reywright/repos/wallaby-troubleshoot/app/javascript/easybib/components/Box/index.tsx">
          <metrics statements="17" coveredstatements="17" conditionals="46" coveredconditionals="13" methods="1" coveredmethods="1"/>
          <line num="22" count="1" type="stmt"/>
          <line num="23" count="1" type="stmt"/>
          <line num="24" count="1" type="stmt"/>
          <line num="25" count="1" type="stmt"/>
          <line num="26" count="1" type="stmt"/>
          <line num="27" count="1" type="stmt"/>
          <line num="28" count="1" type="stmt"/>
          <line num="29" count="1" type="stmt"/>
          <line num="30" count="1" type="stmt"/>
          <line num="31" count="1" type="stmt"/>
          <line num="32" count="1" type="stmt"/>
          <line num="33" count="1" type="stmt"/>
          <line num="34" count="1" type="stmt"/>
          <line num="35" count="1" type="stmt"/>
          <line num="37" count="1" type="stmt"/>
          <line num="39" count="1" type="cond" truecount="2" falsecount="0"/>
          <line num="89" count="1" type="stmt"/>
        </file>
      </package>
      <package name="app.javascript.easybib.components.Button">
        <metrics statements="9" coveredstatements="9" conditionals="24" coveredconditionals="11" methods="8" coveredmethods="8"/>
        <file name="index.tsx" path="/Users/reywright/repos/wallaby-troubleshoot/app/javascript/easybib/components/Button/index.tsx">
          <metrics statements="9" coveredstatements="9" conditionals="24" coveredconditionals="11" methods="8" coveredmethods="8"/>
          <line num="12" count="1" type="cond" truecount="2" falsecount="0"/>
          <line num="17" count="1" type="stmt"/>
          <line num="18" count="1" type="cond" truecount="1" falsecount="1"/>
          <line num="45" count="1" type="stmt"/>
          <line num="49" count="1" type="cond" truecount="2" falsecount="0"/>
          <line num="76" count="1" type="cond" truecount="1" falsecount="1"/>
          <line num="88" count="1" type="cond" truecount="1" falsecount="1"/>
          <line num="106" count="1" type="cond" truecount="1" falsecount="1"/>
          <line num="135" count="1" type="cond" truecount="1" falsecount="1"/>
        </file>
      </package>
      <package name="app.javascript.easybib.static">
        <metrics statements="5" coveredstatements="0" conditionals="0" coveredconditionals="0" methods="0" coveredmethods="0"/>
        <file name="citationTypes.js" path="/Users/reywright/repos/wallaby-troubleshoot/app/javascript/easybib/static/citationTypes.js">
          <metrics statements="5" coveredstatements="0" conditionals="0" coveredconditionals="0" methods="0" coveredmethods="0"/>
          <line num="3" count="0" type="stmt"/>
          <line num="6" count="0" type="stmt"/>
          <line num="7" count="0" type="stmt"/>
          <line num="381" count="0" type="stmt"/>
          <line num="382" count="0" type="stmt"/>
        </file>
      </package>
      <package name="app.javascript.easybib.theme">
        <metrics statements="14" coveredstatements="14" conditionals="2" coveredconditionals="0" methods="2" coveredmethods="1"/>
        <file name="media.tsx" path="/Users/reywright/repos/wallaby-troubleshoot/app/javascript/easybib/theme/media.tsx">
          <metrics statements="5" coveredstatements="5" conditionals="2" coveredconditionals="0" methods="2" coveredmethods="1"/>
          <line num="1" count="1" type="stmt"/>
          <line num="15" count="1" type="stmt"/>
          <line num="25" count="4" type="stmt"/>
          <line num="27" count="4" type="cond" truecount="0" falsecount="2"/>
          <line num="32" count="4" type="stmt"/>
        </file>
        <file name="styled.ts" path="/Users/reywright/repos/wallaby-troubleshoot/app/javascript/easybib/theme/styled.ts">
          <metrics statements="6" coveredstatements="6" conditionals="0" coveredconditionals="0" methods="0" coveredmethods="0"/>
          <line num="8" count="1" type="stmt"/>
          <line num="9" count="1" type="stmt"/>
          <line num="10" count="1" type="stmt"/>
          <line num="11" count="1" type="stmt"/>
          <line num="12" count="1" type="stmt"/>
          <line num="13" count="1" type="stmt"/>
        </file>
        <file name="theme.ts" path="/Users/reywright/repos/wallaby-troubleshoot/app/javascript/easybib/theme/theme.ts">
          <metrics statements="3" coveredstatements="3" conditionals="0" coveredconditionals="0" methods="0" coveredmethods="0"/>
          <line num="1" count="2" type="stmt"/>
          <line num="71" count="2" type="stmt"/>
          <line num="86" count="2" type="stmt"/>
        </file>
      </package>
      <package name="app.javascript.easybib.utils">
        <metrics statements="506" coveredstatements="337" conditionals="331" coveredconditionals="183" methods="120" coveredmethods="69"/>
        <file name="AutociteUtils.ts" path="/Users/reywright/repos/wallaby-troubleshoot/app/javascript/easybib/utils/AutociteUtils.ts">
          <metrics statements="75" coveredstatements="57" conditionals="56" coveredconditionals="32" methods="15" coveredmethods="11"/>
          <line num="1" count="1" type="stmt"/>
          <line num="6" count="1" type="stmt"/>
          <line num="8" count="1" type="stmt"/>
          <line num="23" count="1" type="stmt"/>
          <line num="24" count="21" type="cond" truecount="1" falsecount="1"/>
          <line num="25" count="1" type="stmt"/>
          <line num="26" count="33" type="stmt"/>
          <line num="27" count="11" type="cond" truecount="2" falsecount="0"/>
          <line num="33" count="1" type="stmt"/>
          <line num="34" count="11" type="stmt"/>
          <line num="39" count="1" type="stmt"/>
          <line num="40" count="12" type="cond" truecount="4" falsecount="0"/>
          <line num="41" count="11" type="stmt"/>
          <line num="42" count="11" type="stmt"/>
          <line num="43" count="11" type="stmt"/>
          <line num="44" count="11" type="stmt"/>
          <line num="75" count="1" type="stmt"/>
          <line num="76" count="0" type="stmt"/>
          <line num="86" count="1" type="stmt"/>
          <line num="87" count="0" type="cond" truecount="0" falsecount="2"/>
          <line num="93" count="0" type="stmt"/>
          <line num="94" count="0" type="stmt"/>
          <line num="106" count="0" type="stmt"/>
          <line num="111" count="1" type="stmt"/>
          <line num="113" count="0" type="stmt"/>
          <line num="122" count="1" type="stmt"/>
          <line num="123" count="140" type="cond" truecount="2" falsecount="0"/>
          <line num="124" count="240" type="stmt"/>
          <line num="128" count="10" type="stmt"/>
          <line num="138" count="6" type="stmt"/>
          <line num="139" count="6" type="cond" truecount="1" falsecount="1"/>
          <line num="140" count="0" type="stmt"/>
          <line num="141" count="6" type="cond" truecount="1" falsecount="1"/>
          <line num="142" count="0" type="stmt"/>
          <line num="143" count="6" type="stmt"/>
          <line num="147" count="1" type="stmt"/>
          <line num="148" count="10" type="stmt"/>
          <line num="181" count="10" type="stmt"/>
          <line num="182" count="10" type="stmt"/>
          <line num="183" count="70" type="stmt"/>
          <line num="184" count="70" type="stmt"/>
          <line num="186" count="70" type="cond" truecount="2" falsecount="0"/>
          <line num="187" count="6" type="stmt"/>
          <line num="188" count="6" type="stmt"/>
          <line num="189" count="6" type="stmt"/>
          <line num="190" count="64" type="cond" truecount="1" falsecount="1"/>
          <line num="191" count="64" type="stmt"/>
          <line num="194" count="10" type="stmt"/>
          <line num="195" count="10" type="cond" truecount="1" falsecount="1"/>
          <line num="197" count="10" type="cond" truecount="2" falsecount="0"/>
          <line num="198" count="3" type="stmt"/>
          <line num="199" count="3" type="stmt"/>
          <line num="200" count="3" type="stmt"/>
          <line num="201" count="3" type="cond" truecount="2" falsecount="0"/>
          <line num="202" count="1" type="stmt"/>
          <line num="203" count="1" type="stmt"/>
          <line num="204" count="2" type="cond" truecount="1" falsecount="1"/>
          <line num="205" count="0" type="stmt"/>
          <line num="206" count="0" type="stmt"/>
          <line num="207" count="2" type="cond" truecount="2" falsecount="0"/>
          <line num="208" count="1" type="stmt"/>
          <line num="209" count="1" type="cond" truecount="1" falsecount="1"/>
          <line num="210" count="0" type="stmt"/>
          <line num="212" count="7" type="cond" truecount="1" falsecount="1"/>
          <line num="213" count="7" type="stmt"/>
          <line num="216" count="10" type="cond" truecount="2" falsecount="2"/>
          <line num="217" count="0" type="stmt"/>
          <line num="220" count="10" type="stmt"/>
          <line num="223" count="1" type="stmt"/>
          <line num="224" count="0" type="stmt"/>
          <line num="225" count="0" type="stmt"/>
          <line num="226" count="0" type="stmt"/>
          <line num="227" count="0" type="cond" truecount="0" falsecount="2"/>
          <line num="229" count="0" type="stmt"/>
          <line num="241" count="0" type="stmt"/>
        </file>
        <file name="ads.ts" path="/Users/reywright/repos/wallaby-troubleshoot/app/javascript/easybib/utils/ads.ts">
          <metrics statements="5" coveredstatements="4" conditionals="4" coveredconditionals="3" methods="1" coveredmethods="1"/>
          <line num="4" count="1" type="stmt"/>
          <line num="5" count="3" type="stmt"/>
          <line num="7" count="3" type="cond" truecount="1" falsecount="1"/>
          <line num="8" count="3" type="stmt"/>
          <line num="15" count="0" type="stmt"/>
        </file>
        <file name="analyticsFrontendAdapter.ts" path="/Users/reywright/repos/wallaby-troubleshoot/app/javascript/easybib/utils/analyticsFrontendAdapter.ts">
          <metrics statements="17" coveredstatements="14" conditionals="12" coveredconditionals="9" methods="3" coveredmethods="3"/>
          <line num="1" count="1" type="stmt"/>
          <line num="20" count="1" type="stmt"/>
          <line num="21" count="2" type="stmt"/>
          <line num="25" count="2" type="cond" truecount="1" falsecount="1"/>
          <line num="26" count="2" type="cond" truecount="1" falsecount="1"/>
          <line num="28" count="2" type="cond" truecount="2" falsecount="0"/>
          <line num="29" count="2" type="stmt"/>
          <line num="39" count="2" type="stmt"/>
          <line num="40" count="2" type="stmt"/>
          <line num="43" count="0" type="stmt"/>
          <line num="45" count="2" type="stmt"/>
          <line num="48" count="1" type="stmt"/>
          <line num="50" count="1" type="stmt"/>
          <line num="51" count="0" type="stmt"/>
          <line num="59" count="1" type="stmt"/>
          <line num="62" count="0" type="stmt"/>
          <line num="66" count="1" type="cond" truecount="2" falsecount="0"/>
        </file>
        <file name="api.ts" path="/Users/reywright/repos/wallaby-troubleshoot/app/javascript/easybib/utils/api.ts">
          <metrics statements="15" coveredstatements="2" conditionals="6" coveredconditionals="0" methods="2" coveredmethods="0"/>
          <line num="1" count="2" type="stmt"/>
          <line num="2" count="0" type="stmt"/>
          <line num="3" count="0" type="stmt"/>
          <line num="4" count="0" type="stmt"/>
          <line num="5" count="0" type="stmt"/>
          <line num="9" count="0" type="stmt"/>
          <line num="12" count="2" type="stmt"/>
          <line num="14" count="0" type="cond" truecount="0" falsecount="2"/>
          <line num="16" count="0" type="cond" truecount="0" falsecount="2"/>
          <line num="18" count="0" type="stmt"/>
          <line num="27" count="0" type="cond" truecount="0" falsecount="2"/>
          <line num="29" count="0" type="stmt"/>
          <line num="30" count="0" type="stmt"/>
          <line num="31" count="0" type="stmt"/>
          <line num="32" count="0" type="stmt"/>
        </file>
        <file name="cheggauth.ts" path="/Users/reywright/repos/wallaby-troubleshoot/app/javascript/easybib/utils/cheggauth.ts">
          <metrics statements="53" coveredstatements="35" conditionals="26" coveredconditionals="9" methods="11" coveredmethods="5"/>
          <line num="1" count="1" type="stmt"/>
          <line num="24" count="1" type="stmt"/>
          <line num="25" count="1" type="stmt"/>
          <line num="26" count="1" type="stmt"/>
          <line num="27" count="1" type="stmt"/>
          <line num="30" count="1" type="stmt"/>
          <line num="34" count="1" type="stmt"/>
          <line num="35" count="1" type="stmt"/>
          <line num="36" count="1" type="stmt"/>
          <line num="38" count="1" type="stmt"/>
          <line num="41" count="1" type="stmt"/>
          <line num="49" count="1" type="cond" truecount="1" falsecount="1"/>
          <line num="50" count="1" type="stmt"/>
          <line num="53" count="1" type="stmt"/>
          <line num="55" count="1" type="stmt"/>
          <line num="57" count="1" type="stmt"/>
          <line num="67" count="1" type="stmt"/>
          <line num="71" count="5" type="stmt"/>
          <line num="80" count="5" type="stmt"/>
          <line num="85" count="5" type="cond" truecount="4" falsecount="0"/>
          <line num="88" count="2" type="stmt"/>
          <line num="91" count="5" type="cond" truecount="1" falsecount="1"/>
          <line num="92" count="5" type="stmt"/>
          <line num="95" count="5" type="stmt"/>
          <line num="97" count="5" type="stmt"/>
          <line num="100" count="1" type="stmt"/>
          <line num="101" count="0" type="stmt"/>
          <line num="103" count="0" type="stmt"/>
          <line num="110" count="0" type="stmt"/>
          <line num="117" count="0" type="stmt"/>
          <line num="118" count="0" type="cond" truecount="0" falsecount="2"/>
          <line num="119" count="0" type="stmt"/>
          <line num="122" count="1" type="stmt"/>
          <line num="123" count="0" type="stmt"/>
          <line num="124" count="0" type="stmt"/>
          <line num="125" count="0" type="stmt"/>
          <line num="126" count="0" type="cond" truecount="0" falsecount="4"/>
          <line num="127" count="0" type="stmt"/>
          <line num="128" count="0" type="cond" truecount="0" falsecount="4"/>
          <line num="129" count="0" type="stmt"/>
          <line num="132" count="0" type="stmt"/>
          <line num="133" count="0" type="stmt"/>
          <line num="137" count="1" type="stmt"/>
          <line num="138" count="1" type="stmt"/>
          <line num="139" count="1" type="stmt"/>
          <line num="144" count="1" type="stmt"/>
          <line num="147" count="1" type="stmt"/>
          <line num="149" count="1" type="cond" truecount="1" falsecount="1"/>
          <line num="150" count="1" type="cond" truecount="1" falsecount="1"/>
          <line num="151" count="1" type="stmt"/>
          <line num="152" count="0" type="cond" truecount="0" falsecount="2"/>
          <line num="153" count="0" type="stmt"/>
          <line num="155" count="0" type="stmt"/>
        </file>
        <file name="citation-style.js" path="/Users/reywright/repos/wallaby-troubleshoot/app/javascript/easybib/utils/citation-style.js">
          <metrics statements="7" coveredstatements="0" conditionals="6" coveredconditionals="0" methods="2" coveredmethods="0"/>
          <line num="3" count="0" type="stmt"/>
          <line num="6" count="0" type="stmt"/>
          <line num="8" count="0" type="stmt"/>
          <line num="10" count="0" type="cond" truecount="0" falsecount="4"/>
          <line num="12" count="0" type="stmt"/>
          <line num="13" count="0" type="cond" truecount="0" falsecount="2"/>
          <line num="16" count="0" type="stmt"/>
        </file>
        <file name="copypaste.js" path="/Users/reywright/repos/wallaby-troubleshoot/app/javascript/easybib/utils/copypaste.js">
          <metrics statements="11" coveredstatements="0" conditionals="8" coveredconditionals="0" methods="2" coveredmethods="0"/>
          <line num="3" count="0" type="stmt"/>
          <line num="6" count="0" type="stmt"/>
          <line num="8" count="0" type="stmt"/>
          <line num="10" count="0" type="cond" truecount="0" falsecount="4"/>
          <line num="13" count="0" type="stmt"/>
          <line num="14" count="0" type="stmt"/>
          <line num="16" count="0" type="cond" truecount="0" falsecount="2"/>
          <line num="17" count="0" type="cond" truecount="0" falsecount="2"/>
          <line num="19" count="0" type="stmt"/>
          <line num="22" count="0" type="stmt"/>
          <line num="23" count="0" type="stmt"/>
        </file>
        <file name="environment.ts" path="/Users/reywright/repos/wallaby-troubleshoot/app/javascript/easybib/utils/environment.ts">
          <metrics statements="9" coveredstatements="9" conditionals="8" coveredconditionals="7" methods="2" coveredmethods="2"/>
          <line num="3" count="2" type="stmt"/>
          <line num="4" count="6" type="cond" truecount="2" falsecount="0"/>
          <line num="6" count="4" type="cond" truecount="2" falsecount="0"/>
          <line num="7" count="1" type="stmt"/>
          <line num="8" count="3" type="cond" truecount="2" falsecount="0"/>
          <line num="9" count="1" type="stmt"/>
          <line num="11" count="2" type="stmt"/>
          <line num="13" count="4" type="stmt"/>
          <line num="16" count="2" type="stmt"/>
        </file>
        <file name="getJwtData.ts" path="/Users/reywright/repos/wallaby-troubleshoot/app/javascript/easybib/utils/getJwtData.ts">
          <metrics statements="5" coveredstatements="5" conditionals="0" coveredconditionals="0" methods="1" coveredmethods="1"/>
          <line num="19" count="3" type="stmt"/>
          <line num="21" count="3" type="stmt"/>
          <line num="22" count="3" type="stmt"/>
          <line num="23" count="1" type="stmt"/>
          <line num="27" count="2" type="stmt"/>
        </file>
        <file name="gtm.ts" path="/Users/reywright/repos/wallaby-troubleshoot/app/javascript/easybib/utils/gtm.ts">
          <metrics statements="90" coveredstatements="68" conditionals="42" coveredconditionals="31" methods="26" coveredmethods="10"/>
          <line num="1" count="2" type="stmt"/>
          <line num="6" count="2" type="stmt"/>
          <line num="7" count="8" type="cond" truecount="1" falsecount="1"/>
          <line num="8" count="8" type="cond" truecount="1" falsecount="1"/>
          <line num="9" count="8" type="stmt"/>
          <line num="15" count="2" type="stmt"/>
          <line num="16" count="5" type="cond" truecount="1" falsecount="1"/>
          <line num="17" count="5" type="cond" truecount="2" falsecount="0"/>
          <line num="18" count="4" type="stmt"/>
          <line num="27" count="0" type="stmt"/>
          <line num="28" count="0" type="cond" truecount="0" falsecount="2"/>
          <line num="29" count="0" type="stmt"/>
          <line num="35" count="1" type="stmt"/>
          <line num="40" count="34" type="stmt"/>
          <line num="42" count="6" type="cond" truecount="2" falsecount="0"/>
          <line num="44" count="0" type="stmt"/>
          <line num="45" count="1" type="stmt"/>
          <line num="46" count="3" type="stmt"/>
          <line num="50" count="3" type="stmt"/>
          <line num="52" count="3" type="cond" truecount="2" falsecount="0"/>
          <line num="54" count="6" type="stmt"/>
          <line num="56" count="3" type="cond" truecount="2" falsecount="0"/>
          <line num="57" count="1" type="stmt"/>
          <line num="59" count="2" type="stmt"/>
          <line num="65" count="8" type="stmt"/>
          <line num="72" count="2" type="stmt"/>
          <line num="74" count="2" type="stmt"/>
          <line num="76" count="38" type="cond" truecount="2" falsecount="0"/>
          <line num="82" count="2" type="stmt"/>
          <line num="83" count="2" type="stmt"/>
          <line num="84" count="2" type="stmt"/>
          <line num="85" count="2" type="stmt"/>
          <line num="86" count="2" type="stmt"/>
          <line num="87" count="2" type="stmt"/>
          <line num="88" count="2" type="stmt"/>
          <line num="89" count="2" type="stmt"/>
          <line num="92" count="2" type="stmt"/>
          <line num="95" count="2" type="stmt"/>
          <line num="98" count="2" type="stmt"/>
          <line num="99" count="2" type="stmt"/>
          <line num="101" count="2" type="stmt"/>
          <line num="102" count="0" type="stmt"/>
          <line num="110" count="2" type="stmt"/>
          <line num="111" count="0" type="stmt"/>
          <line num="117" count="2" type="stmt"/>
          <line num="118" count="0" type="stmt"/>
          <line num="125" count="2" type="stmt"/>
          <line num="126" count="0" type="stmt"/>
          <line num="135" count="2" type="stmt"/>
          <line num="136" count="0" type="stmt"/>
          <line num="144" count="2" type="stmt"/>
          <line num="145" count="0" type="stmt"/>
          <line num="154" count="2" type="stmt"/>
          <line num="155" count="0" type="stmt"/>
          <line num="165" count="2" type="stmt"/>
          <line num="166" count="0" type="stmt"/>
          <line num="176" count="2" type="stmt"/>
          <line num="177" count="0" type="stmt"/>
          <line num="187" count="2" type="stmt"/>
          <line num="193" count="0" type="stmt"/>
          <line num="201" count="0" type="cond" truecount="0" falsecount="2"/>
          <line num="202" count="0" type="stmt"/>
          <line num="206" count="2" type="stmt"/>
          <line num="207" count="0" type="stmt"/>
          <line num="216" count="2" type="stmt"/>
          <line num="217" count="0" type="stmt"/>
          <line num="223" count="0" type="stmt"/>
          <line num="230" count="2" type="stmt"/>
          <line num="237" count="2" type="stmt"/>
          <line num="238" count="2" type="stmt"/>
          <line num="239" count="0" type="stmt"/>
          <line num="241" count="2" type="stmt"/>
          <line num="242" count="0" type="stmt"/>
          <line num="245" count="2" type="stmt"/>
          <line num="246" count="0" type="stmt"/>
          <line num="249" count="2" type="stmt"/>
          <line num="250" count="6" type="stmt"/>
          <line num="251" count="6" type="cond" truecount="2" falsecount="0"/>
          <line num="252" count="6" type="stmt"/>
          <line num="255" count="2" type="stmt"/>
          <line num="256" count="2" type="stmt"/>
          <line num="263" count="2" type="cond" truecount="1" falsecount="1"/>
          <line num="274" count="2" type="stmt"/>
          <line num="275" count="2" type="stmt"/>
          <line num="276" count="2" type="stmt"/>
          <line num="277" count="2" type="stmt"/>
          <line num="278" count="2" type="stmt"/>
          <line num="279" count="2" type="stmt"/>
          <line num="297" count="2" type="stmt"/>
          <line num="314" count="2" type="stmt"/>
        </file>
        <file name="history.ts" path="/Users/reywright/repos/wallaby-troubleshoot/app/javascript/easybib/utils/history.ts">
          <metrics statements="4" coveredstatements="1" conditionals="4" coveredconditionals="0" methods="1" coveredmethods="0"/>
          <line num="8" count="1" type="stmt"/>
          <line num="9" count="0" type="stmt"/>
          <line num="12" count="0" type="cond" truecount="0" falsecount="2"/>
          <line num="13" count="0" type="stmt"/>
        </file>
        <file name="initGTM.js" path="/Users/reywright/repos/wallaby-troubleshoot/app/javascript/easybib/utils/initGTM.js">
          <metrics statements="13" coveredstatements="0" conditionals="4" coveredconditionals="0" methods="2" coveredmethods="0"/>
          <line num="3" count="0" type="stmt"/>
          <line num="6" count="0" type="stmt"/>
          <line num="8" count="0" type="stmt"/>
          <line num="12" count="0" type="stmt"/>
          <line num="13" count="0" type="cond" truecount="0" falsecount="2"/>
          <line num="14" count="0" type="stmt"/>
          <line num="18" count="0" type="stmt"/>
          <line num="19" count="0" type="stmt"/>
          <line num="20" count="0" type="cond" truecount="0" falsecount="2"/>
          <line num="21" count="0" type="stmt"/>
          <line num="22" count="0" type="stmt"/>
          <line num="23" count="0" type="stmt"/>
          <line num="29" count="0" type="stmt"/>
        </file>
        <file name="initHotjar.js" path="/Users/reywright/repos/wallaby-troubleshoot/app/javascript/easybib/utils/initHotjar.js">
          <metrics statements="14" coveredstatements="0" conditionals="6" coveredconditionals="0" methods="3" coveredmethods="0"/>
          <line num="3" count="0" type="stmt"/>
          <line num="6" count="0" type="stmt"/>
          <line num="8" count="0" type="stmt"/>
          <line num="12" count="0" type="stmt"/>
          <line num="13" count="0" type="cond" truecount="0" falsecount="2"/>
          <line num="15" count="0" type="cond" truecount="0" falsecount="2"/>
          <line num="18" count="0" type="stmt"/>
          <line num="22" count="0" type="stmt"/>
          <line num="23" count="0" type="stmt"/>
          <line num="24" count="0" type="stmt"/>
          <line num="25" count="0" type="stmt"/>
          <line num="26" count="0" type="stmt"/>
          <line num="29" count="0" type="cond" truecount="0" falsecount="2"/>
          <line num="33" count="0" type="stmt"/>
        </file>
        <file name="initSentry.ts" path="/Users/reywright/repos/wallaby-troubleshoot/app/javascript/easybib/utils/initSentry.ts">
          <metrics statements="10" coveredstatements="0" conditionals="10" coveredconditionals="0" methods="2" coveredmethods="0"/>
          <line num="3" count="0" type="stmt"/>
          <line num="6" count="0" type="stmt"/>
          <line num="8" count="0" type="stmt"/>
          <line num="10" count="0" type="stmt"/>
          <line num="12" count="0" type="cond" truecount="0" falsecount="4"/>
          <line num="14" count="0" type="stmt"/>
          <line num="15" count="0" type="cond" truecount="0" falsecount="4"/>
          <line num="16" count="0" type="stmt"/>
          <line num="30" count="0" type="stmt"/>
          <line num="32" count="0" type="stmt"/>
        </file>
        <file name="localStorage.ts" path="/Users/reywright/repos/wallaby-troubleshoot/app/javascript/easybib/utils/localStorage.ts">
          <metrics statements="29" coveredstatements="26" conditionals="8" coveredconditionals="6" methods="7" coveredmethods="6"/>
          <line num="4" count="4" type="stmt"/>
          <line num="9" count="4" type="stmt"/>
          <line num="10" count="10" type="stmt"/>
          <line num="13" count="10" type="cond" truecount="2" falsecount="0"/>
          <line num="15" count="6" type="cond" truecount="1" falsecount="1"/>
          <line num="17" count="4" type="stmt"/>
          <line num="20" count="4" type="stmt"/>
          <line num="21" count="2" type="stmt"/>
          <line num="22" count="2" type="cond" truecount="2" falsecount="0"/>
          <line num="23" count="1" type="cond" truecount="1" falsecount="1"/>
          <line num="25" count="1" type="stmt"/>
          <line num="27" count="4" type="stmt"/>
          <line num="28" count="1" type="stmt"/>
          <line num="29" count="1" type="stmt"/>
          <line num="30" count="1" type="stmt"/>
          <line num="34" count="1" type="stmt"/>
          <line num="37" count="4" type="stmt"/>
          <line num="38" count="3" type="stmt"/>
          <line num="41" count="4" type="stmt"/>
          <line num="45" count="3" type="stmt"/>
          <line num="46" count="3" type="stmt"/>
          <line num="47" count="3" type="stmt"/>
          <line num="51" count="3" type="stmt"/>
          <line num="54" count="4" type="stmt"/>
          <line num="55" count="1" type="stmt"/>
          <line num="58" count="4" type="stmt"/>
          <line num="59" count="0" type="stmt"/>
          <line num="60" count="0" type="stmt"/>
          <line num="61" count="0" type="stmt"/>
        </file>
        <file name="shallowTheme.tsx" path="/Users/reywright/repos/wallaby-troubleshoot/app/javascript/easybib/utils/shallowTheme.tsx">
          <metrics statements="3" coveredstatements="3" conditionals="2" coveredconditionals="1" methods="1" coveredmethods="1"/>
          <line num="6" count="2" type="cond" truecount="1" falsecount="1"/>
          <line num="7" count="1" type="stmt"/>
          <line num="10" count="1" type="stmt"/>
        </file>
        <file name="static-helper.js" path="/Users/reywright/repos/wallaby-troubleshoot/app/javascript/easybib/utils/static-helper.js">
          <metrics statements="3" coveredstatements="0" conditionals="0" coveredconditionals="0" methods="0" coveredmethods="0"/>
          <line num="5" count="0" type="stmt"/>
          <line num="8" count="0" type="stmt"/>
          <line num="12" count="0" type="stmt"/>
        </file>
        <file name="track.ts" path="/Users/reywright/repos/wallaby-troubleshoot/app/javascript/easybib/utils/track.ts">
          <metrics statements="8" coveredstatements="2" conditionals="12" coveredconditionals="0" methods="2" coveredmethods="0"/>
          <line num="1" count="3" type="stmt"/>
          <line num="2" count="0" type="stmt"/>
          <line num="5" count="3" type="stmt"/>
          <line num="6" count="0" type="cond" truecount="0" falsecount="2"/>
          <line num="7" count="0" type="stmt"/>
          <line num="8" count="0" type="cond" truecount="0" falsecount="2"/>
          <line num="10" count="0" type="cond" truecount="0" falsecount="2"/>
          <line num="26" count="0" type="stmt"/>
        </file>
        <file name="url.ts" path="/Users/reywright/repos/wallaby-troubleshoot/app/javascript/easybib/utils/url.ts">
          <metrics statements="64" coveredstatements="51" conditionals="56" coveredconditionals="38" methods="16" coveredmethods="12"/>
          <line num="8" count="1" type="stmt"/>
          <line num="9" count="2" type="cond" truecount="2" falsecount="0"/>
          <line num="11" count="1" type="stmt"/>
          <line num="12" count="1" type="stmt"/>
          <line num="13" count="4" type="cond" truecount="2" falsecount="0"/>
          <line num="14" count="2" type="stmt"/>
          <line num="16" count="2" type="stmt"/>
          <line num="19" count="1" type="stmt"/>
          <line num="20" count="1" type="cond" truecount="2" falsecount="0"/>
          <line num="21" count="1" type="stmt"/>
          <line num="22" count="1" type="cond" truecount="1" falsecount="1"/>
          <line num="25" count="1" type="stmt"/>
          <line num="26" count="7" type="cond" truecount="1" falsecount="1"/>
          <line num="27" count="7" type="stmt"/>
          <line num="30" count="1" type="stmt"/>
          <line num="31" count="4" type="stmt"/>
          <line num="33" count="1" type="stmt"/>
          <line num="38" count="2" type="stmt"/>
          <line num="43" count="2" type="stmt"/>
          <line num="48" count="2" type="cond" truecount="2" falsecount="0"/>
          <line num="51" count="0" type="stmt"/>
          <line num="56" count="0" type="stmt"/>
          <line num="61" count="1" type="stmt"/>
          <line num="68" count="1" type="stmt"/>
          <line num="69" count="10" type="stmt"/>
          <line num="70" count="10" type="cond" truecount="2" falsecount="0"/>
          <line num="71" count="9" type="cond" truecount="2" falsecount="0"/>
          <line num="72" count="7" type="cond" truecount="2" falsecount="0"/>
          <line num="73" count="6" type="cond" truecount="2" falsecount="0"/>
          <line num="74" count="5" type="cond" truecount="4" falsecount="0"/>
          <line num="75" count="4" type="cond" truecount="1" falsecount="1"/>
          <line num="76" count="4" type="cond" truecount="2" falsecount="0"/>
          <line num="77" count="3" type="cond" truecount="1" falsecount="1"/>
          <line num="78" count="3" type="cond" truecount="2" falsecount="0"/>
          <line num="79" count="2" type="stmt"/>
          <line num="82" count="1" type="stmt"/>
          <line num="83" count="0" type="stmt"/>
          <line num="86" count="1" type="stmt"/>
          <line num="87" count="0" type="stmt"/>
          <line num="90" count="1" type="stmt"/>
          <line num="91" count="0" type="stmt"/>
          <line num="92" count="0" type="cond" truecount="0" falsecount="2"/>
          <line num="93" count="0" type="stmt"/>
          <line num="94" count="0" type="stmt"/>
          <line num="95" count="0" type="stmt"/>
          <line num="97" count="0" type="cond" truecount="0" falsecount="2"/>
          <line num="99" count="0" type="stmt"/>
          <line num="100" count="0" type="stmt"/>
          <line num="103" count="1" type="stmt"/>
          <line num="104" count="0" type="cond" truecount="0" falsecount="3"/>
          <line num="108" count="1" type="stmt"/>
          <line num="110" count="1" type="stmt"/>
          <line num="111" count="1" type="stmt"/>
          <line num="115" count="1" type="stmt"/>
          <line num="116" count="1" type="stmt"/>
          <line num="117" count="1" type="stmt"/>
          <line num="118" count="2" type="cond" truecount="1" falsecount="1"/>
          <line num="119" count="1" type="stmt"/>
          <line num="120" count="1" type="stmt"/>
          <line num="122" count="1" type="cond" truecount="1" falsecount="1"/>
          <line num="123" count="1" type="cond" truecount="1" falsecount="1"/>
          <line num="124" count="1" type="stmt"/>
          <line num="127" count="1" type="stmt"/>
          <line num="128" count="1" type="cond" truecount="1" falsecount="1"/>
        </file>
        <file name="utils.ts" path="/Users/reywright/repos/wallaby-troubleshoot/app/javascript/easybib/utils/utils.ts">
          <metrics statements="71" coveredstatements="60" conditionals="61" coveredconditionals="47" methods="21" coveredmethods="17"/>
          <line num="1" count="2" type="stmt"/>
          <line num="14" count="2" type="stmt"/>
          <line num="16" count="4" type="cond" truecount="1" falsecount="1"/>
          <line num="18" count="4" type="stmt"/>
          <line num="19" count="4" type="cond" truecount="2" falsecount="0"/>
          <line num="21" count="3" type="stmt"/>
          <line num="22" count="50" type="stmt"/>
          <line num="25" count="25" type="cond" truecount="2" falsecount="0"/>
          <line num="27" count="3" type="stmt"/>
          <line num="28" count="25" type="stmt"/>
          <line num="29" count="25" type="stmt"/>
          <line num="30" count="25" type="stmt"/>
          <line num="32" count="25" type="cond" truecount="2" falsecount="0"/>
          <line num="33" count="10" type="cond" truecount="1" falsecount="1"/>
          <line num="34" count="0" type="stmt"/>
          <line num="38" count="2" type="stmt"/>
          <line num="39" count="4" type="stmt"/>
          <line num="40" count="8" type="stmt"/>
          <line num="41" count="8" type="stmt"/>
          <line num="43" count="2" type="stmt"/>
          <line num="44" count="3" type="cond" truecount="2" falsecount="0"/>
          <line num="46" count="2" type="stmt"/>
          <line num="48" count="9" type="cond" truecount="2" falsecount="0"/>
          <line num="50" count="7" type="stmt"/>
          <line num="51" count="7" type="stmt"/>
          <line num="52" count="17" type="stmt"/>
          <line num="54" count="7" type="cond" truecount="2" falsecount="2"/>
          <line num="55" count="0" type="stmt"/>
          <line num="57" count="7" type="cond" truecount="2" falsecount="0"/>
          <line num="58" count="7" type="stmt"/>
          <line num="60" count="7" type="cond" truecount="2" falsecount="0"/>
          <line num="61" count="6" type="cond" truecount="4" falsecount="0"/>
          <line num="62" count="3" type="stmt"/>
          <line num="64" count="3" type="cond" truecount="4" falsecount="0"/>
          <line num="65" count="1" type="stmt"/>
          <line num="69" count="2" type="stmt"/>
          <line num="72" count="2" type="stmt"/>
          <line num="73" count="0" type="cond" truecount="0" falsecount="2"/>
          <line num="74" count="0" type="cond" truecount="0" falsecount="4"/>
          <line num="75" count="0" type="cond" truecount="0" falsecount="3"/>
          <line num="77" count="0" type="stmt"/>
          <line num="80" count="2" type="stmt"/>
          <line num="81" count="4" type="cond" truecount="2" falsecount="0"/>
          <line num="82" count="3" type="cond" truecount="4" falsecount="0"/>
          <line num="83" count="1" type="stmt"/>
          <line num="85" count="2" type="cond" truecount="4" falsecount="0"/>
          <line num="86" count="1" type="stmt"/>
          <line num="88" count="1" type="cond" truecount="3" falsecount="1"/>
          <line num="89" count="1" type="stmt"/>
          <line num="91" count="0" type="stmt"/>
          <line num="94" count="2" type="stmt"/>
          <line num="95" count="3" type="cond" truecount="4" falsecount="0"/>
          <line num="96" count="1" type="stmt"/>
          <line num="97" count="1" type="stmt"/>
          <line num="100" count="2" type="stmt"/>
          <line num="140" count="2" type="stmt"/>
          <line num="149" count="2" type="stmt"/>
          <line num="150" count="6" type="cond" truecount="2" falsecount="0"/>
          <line num="152" count="2" type="stmt"/>
          <line num="153" count="0" type="stmt"/>
          <line num="154" count="0" type="stmt"/>
          <line num="155" count="0" type="stmt"/>
          <line num="156" count="0" type="stmt"/>
          <line num="186" count="2" type="stmt"/>
          <line num="187" count="1" type="stmt"/>
          <line num="191" count="1" type="stmt"/>
          <line num="198" count="2" type="stmt"/>
          <line num="199" count="1" type="stmt"/>
          <line num="200" count="1" type="stmt"/>
          <line num="201" count="1" type="stmt"/>
          <line num="204" count="2" type="stmt"/>
        </file>
      </package>
      <package name="app.javascript.easybib.utils.mocks">
        <metrics statements="8" coveredstatements="0" conditionals="0" coveredconditionals="0" methods="1" coveredmethods="0"/>
        <file name="historyMock.js" path="/Users/reywright/repos/wallaby-troubleshoot/app/javascript/easybib/utils/mocks/historyMock.js">
          <metrics statements="4" coveredstatements="0" conditionals="0" coveredconditionals="0" methods="1" coveredmethods="0"/>
          <line num="3" count="0" type="stmt"/>
          <line num="6" count="0" type="stmt"/>
          <line num="7" count="0" type="stmt"/>
          <line num="10" count="0" type="stmt"/>
        </file>
        <file name="storeMock.js" path="/Users/reywright/repos/wallaby-troubleshoot/app/javascript/easybib/utils/mocks/storeMock.js">
          <metrics statements="4" coveredstatements="0" conditionals="0" coveredconditionals="0" methods="0" coveredmethods="0"/>
          <line num="3" count="0" type="stmt"/>
          <line num="6" count="0" type="stmt"/>
          <line num="7" count="0" type="stmt"/>
          <line num="23" count="0" type="stmt"/>
        </file>
      </package>
      <package name="config.jest">
        <metrics statements="2" coveredstatements="1" conditionals="0" coveredconditionals="0" methods="0" coveredmethods="0"/>
        <file name="testSetup.js" path="/Users/reywright/repos/wallaby-troubleshoot/config/jest/testSetup.js">
          <metrics statements="1" coveredstatements="1" conditionals="0" coveredconditionals="0" methods="0" coveredmethods="0"/>
          <line num="1" count="12" type="stmt"/>
        </file>
        <file name="testShim.js" path="/Users/reywright/repos/wallaby-troubleshoot/config/jest/testShim.js">
          <metrics statements="1" coveredstatements="0" conditionals="0" coveredconditionals="0" methods="0" coveredmethods="0"/>
          <line num="1" count="0" type="stmt"/>
        </file>
      </package>
    </metrics>
  </project>
</coverage>
