{"/Users/reywright/repos/wallaby-troubleshoot/app/javascript/easybib/EBRouter.tsx": {"path":"/Users/reywright/repos/wallaby-troubleshoot/app/javascript/easybib/EBRouter.tsx","statementMap":{"0":{"start":{"line":3,"column":0},"end":{"line":5,"column":3}},"1":{"start":{"line":6,"column":0},"end":{"line":6,"column":25}},"2":{"start":{"line":8,"column":13},"end":{"line":8,"column":53}},"3":{"start":{"line":10,"column":19},"end":{"line":10,"column":42}},"4":{"start":{"line":12,"column":22},"end":{"line":12,"column":49}},"5":{"start":{"line":14,"column":23},"end":{"line":14,"column":87}},"6":{"start":{"line":16,"column":15},"end":{"line":16,"column":47}},"7":{"start":{"line":18,"column":39},"end":{"line":18,"column":93}},"8":{"start":{"line":20,"column":15},"end":{"line":38,"column":1}},"9":{"start":{"line":21,"column":12},"end":{"line":21,"column":18}},"10":{"start":{"line":22,"column":20},"end":{"line":22,"column":34}},"11":{"start":{"line":23,"column":17},"end":{"line":23,"column":28}},"12":{"start":{"line":24,"column":27},"end":{"line":24,"column":60}},"13":{"start":{"line":25,"column":16},"end":{"line":25,"column":66}},"14":{"start":{"line":27,"column":2},"end":{"line":31,"column":3}},"15":{"start":{"line":28,"column":4},"end":{"line":30,"column":17}},"16":{"start":{"line":33,"column":28},"end":{"line":33,"column":30}},"17":{"start":{"line":34,"column":2},"end":{"line":37,"column":15}},"18":{"start":{"line":40,"column":15},"end":{"line":40,"column":23}},"19":{"start":{"line":42,"column":0},"end":{"line":42,"column":27}}},"fnMap":{"0":{"name":"_interopRequireDefault","decl":{"start":{"line":18,"column":9},"end":{"line":18,"column":31}},"loc":{"start":{"line":18,"column":37},"end":{"line":18,"column":95}},"line":18},"1":{"name":"EBRouter","decl":{"start":{"line":20,"column":24},"end":{"line":20,"column":32}},"loc":{"start":{"line":20,"column":37},"end":{"line":38,"column":1}},"line":20}},"branchMap":{"0":{"loc":{"start":{"line":18,"column":46},"end":{"line":18,"column":92}},"type":"cond-expr","locations":[{"start":{"line":18,"column":70},"end":{"line":18,"column":73}},{"start":{"line":18,"column":76},"end":{"line":18,"column":92}}],"line":18},"1":{"loc":{"start":{"line":18,"column":46},"end":{"line":18,"column":67}},"type":"binary-expr","locations":[{"start":{"line":18,"column":46},"end":{"line":18,"column":49}},{"start":{"line":18,"column":53},"end":{"line":18,"column":67}}],"line":18},"2":{"loc":{"start":{"line":24,"column":29},"end":{"line":24,"column":59}},"type":"binary-expr","locations":[{"start":{"line":24,"column":29},"end":{"line":24,"column":40}},{"start":{"line":24,"column":44},"end":{"line":24,"column":59}}],"line":24},"3":{"loc":{"start":{"line":27,"column":2},"end":{"line":31,"column":3}},"type":"if","locations":[{"start":{"line":27,"column":2},"end":{"line":31,"column":3}},{"start":{"line":27,"column":2},"end":{"line":31,"column":3}}],"line":27}},"s":{"0":0,"1":0,"2":0,"3":0,"4":0,"5":0,"6":0,"7":0,"8":0,"9":0,"10":0,"11":0,"12":0,"13":0,"14":0,"15":0,"16":0,"17":0,"18":0,"19":0},"f":{"0":0,"1":0},"b":{"0":[0,0],"1":[0,0],"2":[0,0],"3":[0,0]}}
,"/Users/reywright/repos/wallaby-troubleshoot/app/javascript/easybib/config.ts": {"path":"/Users/reywright/repos/wallaby-troubleshoot/app/javascript/easybib/config.ts","statementMap":{"0":{"start":{"line":7,"column":15},"end":{"line":31,"column":1}}},"fnMap":{},"branchMap":{"0":{"loc":{"start":{"line":8,"column":22},"end":{"line":8,"column":53}},"type":"binary-expr","locations":[{"start":{"line":8,"column":22},"end":{"line":8,"column":53}},{"start":{"line":8,"column":57},"end":{"line":8,"column":69}}]},"1":{"loc":{"start":{"line":9,"column":15},"end":{"line":9,"column":35}},"type":"binary-expr","locations":[{"start":{"line":9,"column":15},"end":{"line":9,"column":35}},{"start":{"line":9,"column":39},"end":{"line":9,"column":52}}]},"2":{"loc":{"start":{"line":10,"column":15},"end":{"line":10,"column":40}},"type":"binary-expr","locations":[{"start":{"line":10,"column":15},"end":{"line":10,"column":40}},{"start":{"line":10,"column":44},"end":{"line":10,"column":51}}]},"3":{"loc":{"start":{"line":11,"column":10},"end":{"line":11,"column":38}},"type":"binary-expr","locations":[{"start":{"line":11,"column":10},"end":{"line":11,"column":38}},{"start":{"line":11,"column":42},"end":{"line":11,"column":49}}]},"4":{"loc":{"start":{"line":13,"column":4},"end":{"line":13,"column":32}},"type":"binary-expr","locations":[{"start":{"line":13,"column":4},"end":{"line":13,"column":32}},{"start":{"line":13,"column":36},"end":{"line":13,"column":86}}]},"5":{"loc":{"start":{"line":14,"column":15},"end":{"line":14,"column":39}},"type":"binary-expr","locations":[{"start":{"line":14,"column":15},"end":{"line":14,"column":39}},{"start":{"line":14,"column":43},"end":{"line":14,"column":89}}]},"6":{"loc":{"start":{"line":16,"column":4},"end":{"line":16,"column":37}},"type":"binary-expr","locations":[{"start":{"line":16,"column":4},"end":{"line":16,"column":37}},{"start":{"line":17,"column":4},"end":{"line":17,"column":61}}]},"7":{"loc":{"start":{"line":19,"column":4},"end":{"line":19,"column":27}},"type":"binary-expr","locations":[{"start":{"line":19,"column":4},"end":{"line":19,"column":27}},{"start":{"line":19,"column":31},"end":{"line":19,"column":82}}]},"8":{"loc":{"start":{"line":20,"column":11},"end":{"line":20,"column":31}},"type":"binary-expr","locations":[{"start":{"line":20,"column":11},"end":{"line":20,"column":31}},{"start":{"line":20,"column":35},"end":{"line":20,"column":72}}]},"9":{"loc":{"start":{"line":21,"column":20},"end":{"line":21,"column":50}},"type":"binary-expr","locations":[{"start":{"line":21,"column":20},"end":{"line":21,"column":50}},{"start":{"line":21,"column":54},"end":{"line":21,"column":85}}]},"10":{"loc":{"start":{"line":23,"column":20},"end":{"line":23,"column":50}},"type":"binary-expr","locations":[{"start":{"line":23,"column":20},"end":{"line":23,"column":50}},{"start":{"line":23,"column":54},"end":{"line":23,"column":84}}]}},"s":{"0":1},"f":{},"b":{"0":[1,1],"1":[1,0],"2":[1,1],"3":[1,1],"4":[1,1],"5":[1,1],"6":[1,1],"7":[1,1],"8":[1,1],"9":[1,1],"10":[1,1]}}
,"/Users/reywright/repos/wallaby-troubleshoot/app/javascript/easybib/configureApi.ts": {"path":"/Users/reywright/repos/wallaby-troubleshoot/app/javascript/easybib/configureApi.ts","statementMap":{"0":{"start":{"line":3,"column":0},"end":{"line":5,"column":3}},"1":{"start":{"line":6,"column":0},"end":{"line":6,"column":88}},"2":{"start":{"line":8,"column":24},"end":{"line":8,"column":53}},"3":{"start":{"line":10,"column":23},"end":{"line":10,"column":87}},"4":{"start":{"line":12,"column":14},"end":{"line":12,"column":57}},"5":{"start":{"line":14,"column":39},"end":{"line":14,"column":93}},"6":{"start":{"line":16,"column":10},"end":{"line":16,"column":159}},"7":{"start":{"line":17,"column":19},"end":{"line":27,"column":2}},"8":{"start":{"line":28,"column":0},"end":{"line":28,"column":36}},"9":{"start":{"line":29,"column":14},"end":{"line":31,"column":1}},"10":{"start":{"line":32,"column":14},"end":{"line":32,"column":91}},"11":{"start":{"line":33,"column":0},"end":{"line":33,"column":26}},"12":{"start":{"line":34,"column":16},"end":{"line":41,"column":35}},"13":{"start":{"line":42,"column":0},"end":{"line":42,"column":30}},"14":{"start":{"line":43,"column":17},"end":{"line":52,"column":1}},"15":{"start":{"line":53,"column":16},"end":{"line":53,"column":126}},"16":{"start":{"line":55,"column":0},"end":{"line":55,"column":30}}},"fnMap":{"0":{"name":"_interopRequireDefault","decl":{"start":{"line":14,"column":9},"end":{"line":14,"column":31}},"loc":{"start":{"line":14,"column":37},"end":{"line":14,"column":95}},"line":14}},"branchMap":{"0":{"loc":{"start":{"line":14,"column":46},"end":{"line":14,"column":92}},"type":"cond-expr","locations":[{"start":{"line":14,"column":70},"end":{"line":14,"column":73}},{"start":{"line":14,"column":76},"end":{"line":14,"column":92}}],"line":14},"1":{"loc":{"start":{"line":14,"column":46},"end":{"line":14,"column":67}},"type":"binary-expr","locations":[{"start":{"line":14,"column":46},"end":{"line":14,"column":49}},{"start":{"line":14,"column":53},"end":{"line":14,"column":67}}],"line":14},"2":{"loc":{"start":{"line":16,"column":10},"end":{"line":16,"column":159}},"type":"cond-expr","locations":[{"start":{"line":16,"column":37},"end":{"line":16,"column":139}},{"start":{"line":16,"column":142},"end":{"line":16,"column":159}}],"line":16},"3":{"loc":{"start":{"line":30,"column":14},"end":{"line":30,"column":90}},"type":"cond-expr","locations":[{"start":{"line":30,"column":55},"end":{"line":30,"column":85}},{"start":{"line":30,"column":88},"end":{"line":30,"column":90}}],"line":30},"4":{"loc":{"start":{"line":30,"column":14},"end":{"line":30,"column":52}},"type":"binary-expr","locations":[{"start":{"line":30,"column":14},"end":{"line":30,"column":38}},{"start":{"line":30,"column":42},"end":{"line":30,"column":52}}],"line":30}},"s":{"0":0,"1":0,"2":0,"3":0,"4":0,"5":0,"6":0,"7":0,"8":0,"9":0,"10":0,"11":0,"12":0,"13":0,"14":0,"15":0,"16":0},"f":{"0":0},"b":{"0":[0,0],"1":[0,0],"2":[0,0],"3":[0,0],"4":[0,0]}}
,"/Users/reywright/repos/wallaby-troubleshoot/app/javascript/easybib/constants.ts": {"path":"/Users/reywright/repos/wallaby-troubleshoot/app/javascript/easybib/constants.ts","statementMap":{"0":{"start":{"line":2,"column":28},"end":{"line":2,"column":46}},"1":{"start":{"line":3,"column":36},"end":{"line":10,"column":1}},"2":{"start":{"line":12,"column":30},"end":{"line":17,"column":1}},"3":{"start":{"line":20,"column":36},"end":{"line":20,"column":71}},"4":{"start":{"line":21,"column":33},"end":{"line":21,"column":72}},"5":{"start":{"line":22,"column":36},"end":{"line":22,"column":84}},"6":{"start":{"line":23,"column":34},"end":{"line":23,"column":76}},"7":{"start":{"line":24,"column":35},"end":{"line":24,"column":84}},"8":{"start":{"line":25,"column":34},"end":{"line":25,"column":68}},"9":{"start":{"line":26,"column":35},"end":{"line":26,"column":66}},"10":{"start":{"line":28,"column":2},"end":{"line":28,"column":80}},"11":{"start":{"line":29,"column":39},"end":{"line":29,"column":90}},"12":{"start":{"line":30,"column":34},"end":{"line":30,"column":76}},"13":{"start":{"line":31,"column":35},"end":{"line":31,"column":72}},"14":{"start":{"line":32,"column":34},"end":{"line":32,"column":79}},"15":{"start":{"line":36,"column":2},"end":{"line":36,"column":100}},"16":{"start":{"line":37,"column":25},"end":{"line":37,"column":78}},"17":{"start":{"line":39,"column":2},"end":{"line":39,"column":100}},"18":{"start":{"line":40,"column":28},"end":{"line":40,"column":84}},"19":{"start":{"line":41,"column":28},"end":{"line":41,"column":38}},"20":{"start":{"line":42,"column":28},"end":{"line":42,"column":54}},"21":{"start":{"line":43,"column":37},"end":{"line":43,"column":72}},"22":{"start":{"line":44,"column":37},"end":{"line":44,"column":72}},"23":{"start":{"line":45,"column":37},"end":{"line":45,"column":72}},"24":{"start":{"line":48,"column":31},"end":{"line":48,"column":63}},"25":{"start":{"line":49,"column":26},"end":{"line":49,"column":57}},"26":{"start":{"line":52,"column":30},"end":{"line":52,"column":73}},"27":{"start":{"line":55,"column":37},"end":{"line":55,"column":47}},"28":{"start":{"line":58,"column":23},"end":{"line":58,"column":27}},"29":{"start":{"line":59,"column":22},"end":{"line":59,"column":33}},"30":{"start":{"line":60,"column":29},"end":{"line":60,"column":38}}},"fnMap":{},"branchMap":{},"s":{"0":3,"1":3,"2":3,"3":3,"4":3,"5":3,"6":3,"7":3,"8":3,"9":3,"10":3,"11":3,"12":3,"13":3,"14":3,"15":3,"16":3,"17":3,"18":3,"19":3,"20":3,"21":3,"22":3,"23":3,"24":3,"25":3,"26":3,"27":3,"28":3,"29":3,"30":3},"f":{},"b":{}}
,"/Users/reywright/repos/wallaby-troubleshoot/app/javascript/easybib/store.ts": {"path":"/Users/reywright/repos/wallaby-troubleshoot/app/javascript/easybib/store.ts","statementMap":{"0":{"start":{"line":3,"column":0},"end":{"line":5,"column":3}},"1":{"start":{"line":6,"column":0},"end":{"line":6,"column":25}},"2":{"start":{"line":8,"column":13},"end":{"line":8,"column":29}},"3":{"start":{"line":10,"column":19},"end":{"line":10,"column":42}},"4":{"start":{"line":12,"column":18},"end":{"line":12,"column":64}},"5":{"start":{"line":14,"column":16},"end":{"line":14,"column":67}},"6":{"start":{"line":16,"column":23},"end":{"line":16,"column":87}},"7":{"start":{"line":18,"column":21},"end":{"line":18,"column":80}},"8":{"start":{"line":20,"column":20},"end":{"line":20,"column":45}},"9":{"start":{"line":22,"column":40},"end":{"line":22,"column":470}},"10":{"start":{"line":22,"column":69},"end":{"line":22,"column":80}},"11":{"start":{"line":22,"column":103},"end":{"line":22,"column":105}},"12":{"start":{"line":22,"column":107},"end":{"line":22,"column":431}},"13":{"start":{"line":22,"column":126},"end":{"line":22,"column":429}},"14":{"start":{"line":22,"column":149},"end":{"line":22,"column":427}},"15":{"start":{"line":22,"column":214},"end":{"line":22,"column":319}},"16":{"start":{"line":22,"column":321},"end":{"line":22,"column":425}},"17":{"start":{"line":22,"column":349},"end":{"line":22,"column":390}},"18":{"start":{"line":22,"column":400},"end":{"line":22,"column":423}},"19":{"start":{"line":22,"column":432},"end":{"line":22,"column":453}},"20":{"start":{"line":22,"column":454},"end":{"line":22,"column":468}},"21":{"start":{"line":24,"column":39},"end":{"line":24,"column":93}},"22":{"start":{"line":26,"column":13},"end":{"line":31,"column":1}},"23":{"start":{"line":32,"column":16},"end":{"line":32,"column":92}},"24":{"start":{"line":37,"column":0},"end":{"line":58,"column":1}},"25":{"start":{"line":38,"column":2},"end":{"line":51,"column":3}},"26":{"start":{"line":39,"column":17},"end":{"line":41,"column":6}},"27":{"start":{"line":42,"column":4},"end":{"line":42,"column":56}},"28":{"start":{"line":44,"column":4},"end":{"line":50,"column":5}},"29":{"start":{"line":45,"column":6},"end":{"line":49,"column":7}},"30":{"start":{"line":46,"column":8},"end":{"line":48,"column":12}},"31":{"start":{"line":53,"column":20},"end":{"line":53,"column":101}},"32":{"start":{"line":55,"column":23},"end":{"line":55,"column":82}},"33":{"start":{"line":57,"column":2},"end":{"line":57,"column":57}},"34":{"start":{"line":60,"column":15},"end":{"line":60,"column":20}},"35":{"start":{"line":62,"column":0},"end":{"line":62,"column":27}}},"fnMap":{"0":{"name":"_interopRequireWildcard","decl":{"start":{"line":22,"column":9},"end":{"line":22,"column":32}},"loc":{"start":{"line":22,"column":38},"end":{"line":22,"column":472}},"line":22},"1":{"name":"_interopRequireDefault","decl":{"start":{"line":24,"column":9},"end":{"line":24,"column":31}},"loc":{"start":{"line":24,"column":37},"end":{"line":24,"column":95}},"line":24}},"branchMap":{"0":{"loc":{"start":{"line":22,"column":40},"end":{"line":22,"column":470}},"type":"if","locations":[{"start":{"line":22,"column":40},"end":{"line":22,"column":470}},{"start":{"line":22,"column":40},"end":{"line":22,"column":470}}],"line":22},"1":{"loc":{"start":{"line":22,"column":44},"end":{"line":22,"column":65}},"type":"binary-expr","locations":[{"start":{"line":22,"column":44},"end":{"line":22,"column":47}},{"start":{"line":22,"column":51},"end":{"line":22,"column":65}}],"line":22},"2":{"loc":{"start":{"line":22,"column":107},"end":{"line":22,"column":431}},"type":"if","locations":[{"start":{"line":22,"column":107},"end":{"line":22,"column":431}},{"start":{"line":22,"column":107},"end":{"line":22,"column":431}}],"line":22},"3":{"loc":{"start":{"line":22,"column":149},"end":{"line":22,"column":427}},"type":"if","locations":[{"start":{"line":22,"column":149},"end":{"line":22,"column":427}},{"start":{"line":22,"column":149},"end":{"line":22,"column":427}}],"line":22},"4":{"loc":{"start":{"line":22,"column":214},"end":{"line":22,"column":319}},"type":"cond-expr","locations":[{"start":{"line":22,"column":273},"end":{"line":22,"column":314}},{"start":{"line":22,"column":317},"end":{"line":22,"column":319}}],"line":22},"5":{"loc":{"start":{"line":22,"column":214},"end":{"line":22,"column":270}},"type":"binary-expr","locations":[{"start":{"line":22,"column":214},"end":{"line":22,"column":235}},{"start":{"line":22,"column":239},"end":{"line":22,"column":270}}],"line":22},"6":{"loc":{"start":{"line":22,"column":321},"end":{"line":22,"column":425}},"type":"if","locations":[{"start":{"line":22,"column":321},"end":{"line":22,"column":425}},{"start":{"line":22,"column":321},"end":{"line":22,"column":425}}],"line":22},"7":{"loc":{"start":{"line":22,"column":325},"end":{"line":22,"column":345}},"type":"binary-expr","locations":[{"start":{"line":22,"column":325},"end":{"line":22,"column":333}},{"start":{"line":22,"column":337},"end":{"line":22,"column":345}}],"line":22},"8":{"loc":{"start":{"line":24,"column":46},"end":{"line":24,"column":92}},"type":"cond-expr","locations":[{"start":{"line":24,"column":70},"end":{"line":24,"column":73}},{"start":{"line":24,"column":76},"end":{"line":24,"column":92}}],"line":24},"9":{"loc":{"start":{"line":24,"column":46},"end":{"line":24,"column":67}},"type":"binary-expr","locations":[{"start":{"line":24,"column":46},"end":{"line":24,"column":49}},{"start":{"line":24,"column":53},"end":{"line":24,"column":67}}],"line":24},"10":{"loc":{"start":{"line":37,"column":0},"end":{"line":58,"column":1}},"type":"if","locations":[{"start":{"line":37,"column":0},"end":{"line":58,"column":1}},{"start":{"line":37,"column":0},"end":{"line":58,"column":1}}],"line":37},"11":{"loc":{"start":{"line":38,"column":2},"end":{"line":51,"column":3}},"type":"if","locations":[{"start":{"line":38,"column":2},"end":{"line":51,"column":3}},{"start":{"line":38,"column":2},"end":{"line":51,"column":3}}],"line":38},"12":{"loc":{"start":{"line":44,"column":4},"end":{"line":50,"column":5}},"type":"if","locations":[{"start":{"line":44,"column":4},"end":{"line":50,"column":5}},{"start":{"line":44,"column":4},"end":{"line":50,"column":5}}],"line":44},"13":{"loc":{"start":{"line":45,"column":6},"end":{"line":49,"column":7}},"type":"if","locations":[{"start":{"line":45,"column":6},"end":{"line":49,"column":7}},{"start":{"line":45,"column":6},"end":{"line":49,"column":7}}],"line":45},"14":{"loc":{"start":{"line":53,"column":20},"end":{"line":53,"column":101}},"type":"cond-expr","locations":[{"start":{"line":53,"column":61},"end":{"line":53,"column":89}},{"start":{"line":53,"column":92},"end":{"line":53,"column":101}}],"line":53},"15":{"loc":{"start":{"line":53,"column":20},"end":{"line":53,"column":58}},"type":"binary-expr","locations":[{"start":{"line":53,"column":20},"end":{"line":53,"column":44}},{"start":{"line":53,"column":48},"end":{"line":53,"column":58}}],"line":53}},"s":{"0":0,"1":0,"2":0,"3":0,"4":0,"5":0,"6":0,"7":0,"8":0,"9":0,"10":0,"11":0,"12":0,"13":0,"14":0,"15":0,"16":0,"17":0,"18":0,"19":0,"20":0,"21":0,"22":0,"23":0,"24":0,"25":0,"26":0,"27":0,"28":0,"29":0,"30":0,"31":0,"32":0,"33":0,"34":0,"35":0},"f":{"0":0,"1":0},"b":{"0":[0,0],"1":[0,0],"2":[0,0],"3":[0,0],"4":[0,0],"5":[0,0],"6":[0,0],"7":[0,0],"8":[0,0],"9":[0,0],"10":[0,0],"11":[0,0],"12":[0,0],"13":[0,0],"14":[0,0],"15":[0,0]}}
,"/Users/reywright/repos/wallaby-troubleshoot/app/javascript/easybib/components/Box/index.tsx": {"path":"/Users/reywright/repos/wallaby-troubleshoot/app/javascript/easybib/components/Box/index.tsx","statementMap":{"0":{"start":{"line":22,"column":33},"end":{"line":90,"column":1}},"1":{"start":{"line":23,"column":2},"end":{"line":23,"column":11}},"2":{"start":{"line":24,"column":2},"end":{"line":24,"column":10}},"3":{"start":{"line":25,"column":2},"end":{"line":25,"column":9}},"4":{"start":{"line":26,"column":2},"end":{"line":26,"column":10}},"5":{"start":{"line":27,"column":2},"end":{"line":27,"column":10}},"6":{"start":{"line":28,"column":2},"end":{"line":28,"column":15}},"7":{"start":{"line":29,"column":2},"end":{"line":29,"column":8}},"8":{"start":{"line":30,"column":2},"end":{"line":30,"column":12}},"9":{"start":{"line":31,"column":2},"end":{"line":31,"column":13}},"10":{"start":{"line":32,"column":2},"end":{"line":32,"column":14}},"11":{"start":{"line":33,"column":2},"end":{"line":33,"column":11}},"12":{"start":{"line":34,"column":2},"end":{"line":34,"column":9}},"13":{"start":{"line":35,"column":2},"end":{"line":35,"column":10}},"14":{"start":{"line":37,"column":16},"end":{"line":37,"column":17}},"15":{"start":{"line":39,"column":21},"end":{"line":87,"column":3}},"16":{"start":{"line":89,"column":2},"end":{"line":89,"column":66}}},"fnMap":{"0":{"name":"(anonymous_1)","decl":{"start":{"line":22,"column":33},"end":{"line":22,"column":33}},"loc":{"start":{"line":36,"column":1},"end":{"line":90,"column":1}}}},"branchMap":{"0":{"loc":{"start":{"line":39,"column":31},"end":{"line":39,"column":30}},"type":"binary-expr","locations":[{"start":{"line":39,"column":31},"end":{"line":39,"column":30}},{"start":{"line":39,"column":31},"end":{"line":87,"column":3}}]},"1":{"loc":{"start":{"line":40,"column":6},"end":{"line":40,"column":12}},"type":"binary-expr","locations":[{"start":{"line":40,"column":6},"end":{"line":40,"column":12}},{"start":{"line":41,"column":6},"end":{"line":43,"column":7}}]},"2":{"loc":{"start":{"line":41,"column":9},"end":{"line":41,"column":8}},"type":"binary-expr","locations":[{"start":{"line":41,"column":9},"end":{"line":41,"column":8}},{"start":{"line":41,"column":9},"end":{"line":43,"column":7}}]},"3":{"loc":{"start":{"line":44,"column":6},"end":{"line":44,"column":13}},"type":"binary-expr","locations":[{"start":{"line":44,"column":6},"end":{"line":44,"column":13}},{"start":{"line":45,"column":6},"end":{"line":47,"column":7}}]},"4":{"loc":{"start":{"line":45,"column":9},"end":{"line":45,"column":8}},"type":"binary-expr","locations":[{"start":{"line":45,"column":9},"end":{"line":45,"column":8}},{"start":{"line":45,"column":9},"end":{"line":47,"column":7}}]},"5":{"loc":{"start":{"line":48,"column":6},"end":{"line":48,"column":14}},"type":"binary-expr","locations":[{"start":{"line":48,"column":6},"end":{"line":48,"column":14}},{"start":{"line":49,"column":6},"end":{"line":51,"column":7}}]},"6":{"loc":{"start":{"line":49,"column":9},"end":{"line":49,"column":8}},"type":"binary-expr","locations":[{"start":{"line":49,"column":9},"end":{"line":49,"column":8}},{"start":{"line":49,"column":9},"end":{"line":51,"column":7}}]},"7":{"loc":{"start":{"line":52,"column":6},"end":{"line":52,"column":19}},"type":"binary-expr","locations":[{"start":{"line":52,"column":6},"end":{"line":52,"column":19}},{"start":{"line":53,"column":6},"end":{"line":55,"column":7}}]},"8":{"loc":{"start":{"line":53,"column":9},"end":{"line":53,"column":8}},"type":"binary-expr","locations":[{"start":{"line":53,"column":9},"end":{"line":53,"column":8}},{"start":{"line":53,"column":9},"end":{"line":55,"column":7}}]},"9":{"loc":{"start":{"line":56,"column":6},"end":{"line":56,"column":14}},"type":"binary-expr","locations":[{"start":{"line":56,"column":6},"end":{"line":56,"column":14}},{"start":{"line":57,"column":6},"end":{"line":60,"column":7}}]},"10":{"loc":{"start":{"line":57,"column":9},"end":{"line":57,"column":8}},"type":"binary-expr","locations":[{"start":{"line":57,"column":9},"end":{"line":57,"column":8}},{"start":{"line":57,"column":9},"end":{"line":60,"column":7}}]},"11":{"loc":{"start":{"line":61,"column":6},"end":{"line":61,"column":14}},"type":"binary-expr","locations":[{"start":{"line":61,"column":6},"end":{"line":61,"column":14}},{"start":{"line":62,"column":6},"end":{"line":65,"column":7}}]},"12":{"loc":{"start":{"line":62,"column":9},"end":{"line":62,"column":8}},"type":"binary-expr","locations":[{"start":{"line":62,"column":9},"end":{"line":62,"column":8}},{"start":{"line":62,"column":9},"end":{"line":65,"column":7}}]},"13":{"loc":{"start":{"line":66,"column":6},"end":{"line":66,"column":13}},"type":"binary-expr","locations":[{"start":{"line":66,"column":6},"end":{"line":66,"column":13}},{"start":{"line":67,"column":6},"end":{"line":70,"column":7}}]},"14":{"loc":{"start":{"line":67,"column":9},"end":{"line":67,"column":8}},"type":"binary-expr","locations":[{"start":{"line":67,"column":9},"end":{"line":67,"column":8}},{"start":{"line":67,"column":9},"end":{"line":70,"column":7}}]},"15":{"loc":{"start":{"line":71,"column":6},"end":{"line":71,"column":16}},"type":"binary-expr","locations":[{"start":{"line":71,"column":6},"end":{"line":71,"column":16}},{"start":{"line":72,"column":6},"end":{"line":74,"column":7}}]},"16":{"loc":{"start":{"line":72,"column":9},"end":{"line":72,"column":8}},"type":"binary-expr","locations":[{"start":{"line":72,"column":9},"end":{"line":72,"column":8}},{"start":{"line":72,"column":9},"end":{"line":74,"column":7}}]},"17":{"loc":{"start":{"line":75,"column":6},"end":{"line":75,"column":17}},"type":"binary-expr","locations":[{"start":{"line":75,"column":6},"end":{"line":75,"column":17}},{"start":{"line":76,"column":6},"end":{"line":78,"column":7}}]},"18":{"loc":{"start":{"line":76,"column":9},"end":{"line":76,"column":8}},"type":"binary-expr","locations":[{"start":{"line":76,"column":9},"end":{"line":76,"column":8}},{"start":{"line":76,"column":9},"end":{"line":78,"column":7}}]},"19":{"loc":{"start":{"line":79,"column":6},"end":{"line":79,"column":18}},"type":"binary-expr","locations":[{"start":{"line":79,"column":6},"end":{"line":79,"column":18}},{"start":{"line":80,"column":6},"end":{"line":82,"column":7}}]},"20":{"loc":{"start":{"line":80,"column":9},"end":{"line":80,"column":8}},"type":"binary-expr","locations":[{"start":{"line":80,"column":9},"end":{"line":80,"column":8}},{"start":{"line":80,"column":9},"end":{"line":82,"column":7}}]},"21":{"loc":{"start":{"line":83,"column":6},"end":{"line":83,"column":15}},"type":"binary-expr","locations":[{"start":{"line":83,"column":6},"end":{"line":83,"column":15}},{"start":{"line":84,"column":6},"end":{"line":86,"column":7}}]},"22":{"loc":{"start":{"line":84,"column":9},"end":{"line":84,"column":8}},"type":"binary-expr","locations":[{"start":{"line":84,"column":9},"end":{"line":84,"column":8}},{"start":{"line":84,"column":9},"end":{"line":86,"column":7}}]}},"s":{"0":1,"1":1,"2":1,"3":1,"4":1,"5":1,"6":1,"7":1,"8":1,"9":1,"10":1,"11":1,"12":1,"13":1,"14":1,"15":1,"16":1},"f":{"0":1},"b":{"0":[1,1],"1":[1,0],"2":[0,0],"3":[1,0],"4":[0,0],"5":[1,0],"6":[0,0],"7":[1,0],"8":[0,0],"9":[1,0],"10":[0,0],"11":[1,0],"12":[0,0],"13":[1,0],"14":[0,0],"15":[1,0],"16":[0,0],"17":[1,0],"18":[0,0],"19":[1,0],"20":[0,0],"21":[1,0],"22":[0,0]}}
,"/Users/reywright/repos/wallaby-troubleshoot/app/javascript/easybib/components/Button/index.tsx": {"path":"/Users/reywright/repos/wallaby-troubleshoot/app/javascript/easybib/components/Button/index.tsx","statementMap":{"0":{"start":{"line":12,"column":15},"end":{"line":151,"column":1}},"1":{"start":{"line":17,"column":24},"end":{"line":17,"column":53}},"2":{"start":{"line":18,"column":22},"end":{"line":18,"column":63}},"3":{"start":{"line":45,"column":29},"end":{"line":45,"column":52}},"4":{"start":{"line":49,"column":4},"end":{"line":73,"column":5}},"5":{"start":{"line":76,"column":4},"end":{"line":85,"column":5}},"6":{"start":{"line":88,"column":4},"end":{"line":103,"column":5}},"7":{"start":{"line":106,"column":4},"end":{"line":132,"column":5}},"8":{"start":{"line":135,"column":4},"end":{"line":150,"column":5}}},"fnMap":{"0":{"name":"(anonymous_1)","decl":{"start":{"line":17,"column":15},"end":{"line":17,"column":14}},"loc":{"start":{"line":17,"column":20},"end":{"line":17,"column":53}}},"1":{"name":"(anonymous_2)","decl":{"start":{"line":18,"column":13},"end":{"line":18,"column":12}},"loc":{"start":{"line":18,"column":18},"end":{"line":18,"column":63}}},"2":{"name":"(anonymous_3)","decl":{"start":{"line":45,"column":20},"end":{"line":45,"column":19}},"loc":{"start":{"line":45,"column":25},"end":{"line":45,"column":52}}},"3":{"name":"(anonymous_4)","decl":{"start":{"line":48,"column":4},"end":{"line":48,"column":3}},"loc":{"start":{"line":48,"column":9},"end":{"line":73,"column":5}}},"4":{"name":"(anonymous_5)","decl":{"start":{"line":75,"column":4},"end":{"line":75,"column":3}},"loc":{"start":{"line":75,"column":9},"end":{"line":85,"column":5}}},"5":{"name":"(anonymous_6)","decl":{"start":{"line":87,"column":4},"end":{"line":87,"column":3}},"loc":{"start":{"line":87,"column":9},"end":{"line":103,"column":5}}},"6":{"name":"(anonymous_7)","decl":{"start":{"line":105,"column":4},"end":{"line":105,"column":3}},"loc":{"start":{"line":105,"column":9},"end":{"line":132,"column":5}}},"7":{"name":"(anonymous_8)","decl":{"start":{"line":134,"column":4},"end":{"line":134,"column":3}},"loc":{"start":{"line":134,"column":9},"end":{"line":150,"column":5}}}},"branchMap":{"0":{"loc":{"start":{"line":12,"column":23},"end":{"line":12,"column":35}},"type":"binary-expr","locations":[{"start":{"line":12,"column":23},"end":{"line":12,"column":35}},{"start":{"line":12,"column":23},"end":{"line":151,"column":1}}]},"1":{"loc":{"start":{"line":18,"column":38},"end":{"line":18,"column":52}},"type":"cond-expr","locations":[{"start":{"line":18,"column":38},"end":{"line":18,"column":52}},{"start":{"line":18,"column":55},"end":{"line":18,"column":62}}]},"2":{"loc":{"start":{"line":49,"column":4},"end":{"line":49,"column":17}},"type":"binary-expr","locations":[{"start":{"line":49,"column":4},"end":{"line":49,"column":17}},{"start":{"line":50,"column":4},"end":{"line":73,"column":5}}]},"3":{"loc":{"start":{"line":50,"column":7},"end":{"line":50,"column":6}},"type":"binary-expr","locations":[{"start":{"line":50,"column":7},"end":{"line":50,"column":6}},{"start":{"line":50,"column":7},"end":{"line":73,"column":5}}]},"4":{"loc":{"start":{"line":76,"column":4},"end":{"line":76,"column":20}},"type":"binary-expr","locations":[{"start":{"line":76,"column":4},"end":{"line":76,"column":20}},{"start":{"line":77,"column":4},"end":{"line":85,"column":5}}]},"5":{"loc":{"start":{"line":77,"column":7},"end":{"line":77,"column":6}},"type":"binary-expr","locations":[{"start":{"line":77,"column":7},"end":{"line":77,"column":6}},{"start":{"line":77,"column":7},"end":{"line":85,"column":5}}]},"6":{"loc":{"start":{"line":88,"column":4},"end":{"line":88,"column":19}},"type":"binary-expr","locations":[{"start":{"line":88,"column":4},"end":{"line":88,"column":19}},{"start":{"line":89,"column":4},"end":{"line":103,"column":5}}]},"7":{"loc":{"start":{"line":89,"column":7},"end":{"line":89,"column":6}},"type":"binary-expr","locations":[{"start":{"line":89,"column":7},"end":{"line":89,"column":6}},{"start":{"line":89,"column":7},"end":{"line":103,"column":5}}]},"8":{"loc":{"start":{"line":106,"column":4},"end":{"line":106,"column":14}},"type":"binary-expr","locations":[{"start":{"line":106,"column":4},"end":{"line":106,"column":14}},{"start":{"line":107,"column":4},"end":{"line":132,"column":5}}]},"9":{"loc":{"start":{"line":107,"column":7},"end":{"line":107,"column":6}},"type":"binary-expr","locations":[{"start":{"line":107,"column":7},"end":{"line":107,"column":6}},{"start":{"line":107,"column":7},"end":{"line":132,"column":5}}]},"10":{"loc":{"start":{"line":135,"column":4},"end":{"line":135,"column":18}},"type":"binary-expr","locations":[{"start":{"line":135,"column":4},"end":{"line":135,"column":18}},{"start":{"line":136,"column":4},"end":{"line":150,"column":5}}]},"11":{"loc":{"start":{"line":136,"column":7},"end":{"line":136,"column":6}},"type":"binary-expr","locations":[{"start":{"line":136,"column":7},"end":{"line":136,"column":6}},{"start":{"line":136,"column":7},"end":{"line":150,"column":5}}]}},"s":{"0":1,"1":1,"2":1,"3":1,"4":1,"5":1,"6":1,"7":1,"8":1},"f":{"0":1,"1":1,"2":1,"3":1,"4":1,"5":1,"6":1,"7":1},"b":{"0":[1,1],"1":[0,1],"2":[1,1],"3":[1,1],"4":[1,0],"5":[0,0],"6":[1,0],"7":[0,0],"8":[1,0],"9":[0,0],"10":[1,0],"11":[0,0]}}
,"/Users/reywright/repos/wallaby-troubleshoot/app/javascript/easybib/static/citationTypes.js": {"path":"/Users/reywright/repos/wallaby-troubleshoot/app/javascript/easybib/static/citationTypes.js","statementMap":{"0":{"start":{"line":3,"column":0},"end":{"line":5,"column":3}},"1":{"start":{"line":6,"column":0},"end":{"line":6,"column":25}},"2":{"start":{"line":7,"column":20},"end":{"line":380,"column":2}},"3":{"start":{"line":381,"column":15},"end":{"line":381,"column":28}},"4":{"start":{"line":382,"column":0},"end":{"line":382,"column":27}}},"fnMap":{},"branchMap":{},"s":{"0":0,"1":0,"2":0,"3":0,"4":0},"f":{},"b":{}}
,"/Users/reywright/repos/wallaby-troubleshoot/app/javascript/easybib/theme/media.tsx": {"path":"/Users/reywright/repos/wallaby-troubleshoot/app/javascript/easybib/theme/media.tsx","statementMap":{"0":{"start":{"line":1,"column":0},"end":{"line":36,"column":-1}},"1":{"start":{"line":15,"column":14},"end":{"line":21,"column":1}},"2":{"start":{"line":25,"column":19},"end":{"line":25,"column":36}},"3":{"start":{"line":27,"column":4},"end":{"line":31,"column":5}},"4":{"start":{"line":27,"column":26},"end":{"line":27,"column":32}},"5":{"start":{"line":27,"column":26},"end":{"line":27,"column":33}},"6":{"start":{"line":27,"column":38},"end":{"line":29,"column":32}},"7":{"start":{"line":32,"column":4},"end":{"line":32,"column":22}}},"fnMap":{"0":{"name":"(anonymous_1)","decl":{"start":{"line":24,"column":2},"end":{"line":24,"column":2}},"loc":{"start":{"line":24,"column":21},"end":{"line":33,"column":3}}},"1":{"name":"(anonymous_2)","decl":{"start":{"line":27,"column":25},"end":{"line":null,"column":-1}},"loc":{"start":{"line":27,"column":25},"end":{"line":31,"column":5}}}},"branchMap":{"0":{"loc":{"start":{"line":27,"column":41},"end":{"line":27,"column":40}},"type":"binary-expr","locations":[{"start":{"line":27,"column":41},"end":{"line":27,"column":40}},{"start":{"line":27,"column":41},"end":{"line":31,"column":5}}]}},"s":{"0":1,"1":1,"2":4,"3":4,"4":0,"5":0,"6":0,"7":4},"f":{"0":4,"1":0},"b":{"0":[0,0]}}
,"/Users/reywright/repos/wallaby-troubleshoot/app/javascript/easybib/theme/styled.ts": {"path":"/Users/reywright/repos/wallaby-troubleshoot/app/javascript/easybib/theme/styled.ts","statementMap":{"0":{"start":{"line":8,"column":6},"end":{"line":14,"column":73}},"1":{"start":{"line":9,"column":2},"end":{"line":9,"column":17}},"2":{"start":{"line":10,"column":2},"end":{"line":10,"column":5}},"3":{"start":{"line":11,"column":2},"end":{"line":11,"column":14}},"4":{"start":{"line":12,"column":2},"end":{"line":12,"column":11}},"5":{"start":{"line":13,"column":2},"end":{"line":13,"column":15}}},"fnMap":{},"branchMap":{},"s":{"0":1,"1":1,"2":1,"3":1,"4":1,"5":1},"f":{},"b":{}}
,"/Users/reywright/repos/wallaby-troubleshoot/app/javascript/easybib/theme/theme.ts": {"path":"/Users/reywright/repos/wallaby-troubleshoot/app/javascript/easybib/theme/theme.ts","statementMap":{"0":{"start":{"line":1,"column":25},"end":{"line":69,"column":1}},"1":{"start":{"line":71,"column":23},"end":{"line":84,"column":1}},"2":{"start":{"line":86,"column":25},"end":{"line":89,"column":1}}},"fnMap":{},"branchMap":{},"s":{"0":2,"1":2,"2":2},"f":{},"b":{}}
,"/Users/reywright/repos/wallaby-troubleshoot/app/javascript/easybib/utils/AutociteUtils.ts": {"path":"/Users/reywright/repos/wallaby-troubleshoot/app/javascript/easybib/utils/AutociteUtils.ts","statementMap":{"0":{"start":{"line":1,"column":0},"end":{"line":244,"column":-1}},"1":{"start":{"line":6,"column":16},"end":{"line":6,"column":35}},"2":{"start":{"line":8,"column":15},"end":{"line":21,"column":1}},"3":{"start":{"line":23,"column":32},"end":{"line":24,"column":43}},"4":{"start":{"line":24,"column":2},"end":{"line":24,"column":43}},"5":{"start":{"line":25,"column":23},"end":{"line":32,"column":8}},"6":{"start":{"line":26,"column":2},"end":{"line":32,"column":8}},"7":{"start":{"line":27,"column":35},"end":{"line":31,"column":8}},"8":{"start":{"line":33,"column":26},"end":{"line":37,"column":3}},"9":{"start":{"line":34,"column":2},"end":{"line":37,"column":3}},"10":{"start":{"line":39,"column":23},"end":{"line":73,"column":1}},"11":{"start":{"line":40,"column":2},"end":{"line":40,"column":88}},"12":{"start":{"line":40,"column":79},"end":{"line":40,"column":88}},"13":{"start":{"line":41,"column":18},"end":{"line":41,"column":44}},"14":{"start":{"line":42,"column":23},"end":{"line":42,"column":56}},"15":{"start":{"line":43,"column":21},"end":{"line":43,"column":52}},"16":{"start":{"line":44,"column":2},"end":{"line":72,"column":3}},"17":{"start":{"line":75,"column":27},"end":{"line":84,"column":4}},"18":{"start":{"line":76,"column":2},"end":{"line":84,"column":4}},"19":{"start":{"line":86,"column":27},"end":{"line":109,"column":1}},"20":{"start":{"line":87,"column":2},"end":{"line":108,"column":3}},"21":{"start":{"line":93,"column":4},"end":{"line":107,"column":5}},"22":{"start":{"line":94,"column":6},"end":{"line":104,"column":7}},"23":{"start":{"line":106,"column":6},"end":{"line":106,"column":54}},"24":{"start":{"line":111,"column":24},"end":{"line":116,"column":1}},"25":{"start":{"line":113,"column":2},"end":{"line":115,"column":3}},"26":{"start":{"line":122,"column":20},"end":{"line":125,"column":1}},"27":{"start":{"line":123,"column":2},"end":{"line":123,"column":41}},"28":{"start":{"line":123,"column":26},"end":{"line":123,"column":41}},"29":{"start":{"line":124,"column":2},"end":{"line":124,"column":51}},"30":{"start":{"line":124,"column":41},"end":{"line":124,"column":45}},"31":{"start":{"line":128,"column":20},"end":{"line":136,"column":1}},"32":{"start":{"line":128,"column":40},"end":{"line":136,"column":1}},"33":{"start":{"line":138,"column":23},"end":{"line":144,"column":1}},"34":{"start":{"line":138,"column":26},"end":{"line":138,"column":33}},"35":{"start":{"line":138,"column":35},"end":{"line":138,"column":44}},"36":{"start":{"line":138,"column":46},"end":{"line":138,"column":58}},"37":{"start":{"line":138,"column":60},"end":{"line":138,"column":64}},"38":{"start":{"line":139,"column":2},"end":{"line":143,"column":45}},"39":{"start":{"line":140,"column":4},"end":{"line":140,"column":38}},"40":{"start":{"line":141,"column":9},"end":{"line":143,"column":45}},"41":{"start":{"line":142,"column":4},"end":{"line":142,"column":40}},"42":{"start":{"line":143,"column":9},"end":{"line":143,"column":45}},"43":{"start":{"line":147,"column":24},"end":{"line":221,"column":1}},"44":{"start":{"line":148,"column":23},"end":{"line":180,"column":10}},"45":{"start":{"line":181,"column":15},"end":{"line":181,"column":72}},"46":{"start":{"line":182,"column":2},"end":{"line":193,"column":4}},"47":{"start":{"line":183,"column":20},"end":{"line":183,"column":58}},"48":{"start":{"line":184,"column":22},"end":{"line":184,"column":60}},"49":{"start":{"line":186,"column":4},"end":{"line":192,"column":5}},"50":{"start":{"line":187,"column":6},"end":{"line":187,"column":37}},"51":{"start":{"line":188,"column":6},"end":{"line":188,"column":35}},"52":{"start":{"line":189,"column":6},"end":{"line":189,"column":71}},"53":{"start":{"line":190,"column":11},"end":{"line":192,"column":5}},"54":{"start":{"line":191,"column":6},"end":{"line":191,"column":40}},"55":{"start":{"line":194,"column":45},"end":{"line":194,"column":77}},"56":{"start":{"line":195,"column":2},"end":{"line":195,"column":75}},"57":{"start":{"line":195,"column":46},"end":{"line":195,"column":75}},"58":{"start":{"line":197,"column":2},"end":{"line":214,"column":3}},"59":{"start":{"line":198,"column":4},"end":{"line":198,"column":28}},"60":{"start":{"line":199,"column":4},"end":{"line":199,"column":57}},"61":{"start":{"line":200,"column":4},"end":{"line":200,"column":42}},"62":{"start":{"line":201,"column":4},"end":{"line":211,"column":5}},"63":{"start":{"line":202,"column":6},"end":{"line":202,"column":44}},"64":{"start":{"line":203,"column":6},"end":{"line":203,"column":42}},"65":{"start":{"line":204,"column":11},"end":{"line":211,"column":5}},"66":{"start":{"line":205,"column":6},"end":{"line":205,"column":42}},"67":{"start":{"line":206,"column":6},"end":{"line":206,"column":42}},"68":{"start":{"line":207,"column":11},"end":{"line":211,"column":5}},"69":{"start":{"line":208,"column":6},"end":{"line":208,"column":41}},"70":{"start":{"line":209,"column":11},"end":{"line":211,"column":5}},"71":{"start":{"line":210,"column":6},"end":{"line":210,"column":43}},"72":{"start":{"line":212,"column":9},"end":{"line":214,"column":3}},"73":{"start":{"line":213,"column":4},"end":{"line":213,"column":39}},"74":{"start":{"line":216,"column":2},"end":{"line":218,"column":3}},"75":{"start":{"line":217,"column":4},"end":{"line":217,"column":58}},"76":{"start":{"line":220,"column":2},"end":{"line":220,"column":21}},"77":{"start":{"line":223,"column":36},"end":{"line":243,"column":1}},"78":{"start":{"line":224,"column":8},"end":{"line":224,"column":64}},"79":{"start":{"line":225,"column":2},"end":{"line":225,"column":26}},"80":{"start":{"line":226,"column":2},"end":{"line":226,"column":34}},"81":{"start":{"line":227,"column":2},"end":{"line":227,"column":79}},"82":{"start":{"line":229,"column":4},"end":{"line":239,"column":5}},"83":{"start":{"line":241,"column":4},"end":{"line":241,"column":30}}},"fnMap":{"0":{"name":"(anonymous_14)","decl":{"start":{"line":23,"column":32},"end":{"line":23,"column":32}},"loc":{"start":{"line":23,"column":47},"end":{"line":24,"column":43}}},"1":{"name":"(anonymous_15)","decl":{"start":{"line":25,"column":23},"end":{"line":25,"column":23}},"loc":{"start":{"line":25,"column":45},"end":{"line":32,"column":8}}},"2":{"name":"(anonymous_16)","decl":{"start":{"line":27,"column":24},"end":{"line":27,"column":23}},"loc":{"start":{"line":27,"column":31},"end":{"line":31,"column":8}}},"3":{"name":"(anonymous_17)","decl":{"start":{"line":33,"column":26},"end":{"line":33,"column":25}},"loc":{"start":{"line":33,"column":33},"end":{"line":37,"column":3}}},"4":{"name":"(anonymous_18)","decl":{"start":{"line":39,"column":23},"end":{"line":39,"column":22}},"loc":{"start":{"line":39,"column":29},"end":{"line":73,"column":1}}},"5":{"name":"(anonymous_19)","decl":{"start":{"line":75,"column":27},"end":{"line":75,"column":27}},"loc":{"start":{"line":75,"column":39},"end":{"line":84,"column":4}}},"6":{"name":"(anonymous_20)","decl":{"start":{"line":86,"column":27},"end":{"line":86,"column":27}},"loc":{"start":{"line":86,"column":59},"end":{"line":109,"column":1}}},"7":{"name":"(anonymous_21)","decl":{"start":{"line":111,"column":24},"end":{"line":111,"column":23}},"loc":{"start":{"line":111,"column":28},"end":{"line":116,"column":1}}},"8":{"name":"(anonymous_22)","decl":{"start":{"line":122,"column":20},"end":{"line":122,"column":20}},"loc":{"start":{"line":122,"column":44},"end":{"line":125,"column":1}}},"9":{"name":"(anonymous_23)","decl":{"start":{"line":124,"column":31},"end":{"line":124,"column":31}},"loc":{"start":{"line":124,"column":36},"end":{"line":124,"column":45}}},"10":{"name":"(anonymous_24)","decl":{"start":{"line":128,"column":20},"end":{"line":128,"column":20}},"loc":{"start":{"line":128,"column":35},"end":{"line":136,"column":1}}},"11":{"name":"(anonymous_25)","decl":{"start":{"line":138,"column":23},"end":{"line":138,"column":23}},"loc":{"start":{"line":138,"column":66},"end":{"line":144,"column":1}}},"12":{"name":"(anonymous_26)","decl":{"start":{"line":147,"column":24},"end":{"line":147,"column":24}},"loc":{"start":{"line":147,"column":51},"end":{"line":221,"column":1}}},"13":{"name":"(anonymous_27)","decl":{"start":{"line":182,"column":15},"end":{"line":182,"column":14}},"loc":{"start":{"line":182,"column":16},"end":{"line":193,"column":3}}},"14":{"name":"(anonymous_28)","decl":{"start":{"line":223,"column":36},"end":{"line":223,"column":42}},"loc":{"start":{"line":223,"column":75},"end":{"line":243,"column":1}}}},"branchMap":{"0":{"loc":{"start":{"line":24,"column":25},"end":{"line":24,"column":34}},"type":"cond-expr","locations":[{"start":{"line":24,"column":25},"end":{"line":24,"column":34}},{"start":{"line":24,"column":37},"end":{"line":24,"column":43}}]},"1":{"loc":{"start":{"line":27,"column":6},"end":{"line":31,"column":9}},"type":"cond-expr","locations":[{"start":{"line":27,"column":6},"end":{"line":31,"column":9}},{"start":{"line":32,"column":6},"end":{"line":32,"column":8}}]},"2":{"loc":{"start":{"line":40,"column":2},"end":{"line":40,"column":88}},"type":"if","locations":[{"start":{"line":40,"column":2},"end":{"line":40,"column":88}},{"start":{"line":40,"column":2},"end":{"line":40,"column":88}}]},"3":{"loc":{"start":{"line":40,"column":6},"end":{"line":40,"column":41}},"type":"binary-expr","locations":[{"start":{"line":40,"column":6},"end":{"line":40,"column":41}},{"start":{"line":40,"column":45},"end":{"line":40,"column":77}}]},"4":{"loc":{"start":{"line":48,"column":24},"end":{"line":48,"column":39}},"type":"binary-expr","locations":[{"start":{"line":48,"column":24},"end":{"line":48,"column":39}},{"start":{"line":48,"column":43},"end":{"line":48,"column":45}}]},"5":{"loc":{"start":{"line":49,"column":43},"end":{"line":49,"column":70}},"type":"cond-expr","locations":[{"start":{"line":49,"column":43},"end":{"line":49,"column":70}},{"start":{"line":49,"column":73},"end":{"line":49,"column":75}}]},"6":{"loc":{"start":{"line":50,"column":23},"end":{"line":50,"column":38}},"type":"binary-expr","locations":[{"start":{"line":50,"column":23},"end":{"line":50,"column":38}},{"start":{"line":50,"column":42},"end":{"line":50,"column":44}}]},"7":{"loc":{"start":{"line":54,"column":15},"end":{"line":54,"column":28}},"type":"binary-expr","locations":[{"start":{"line":54,"column":15},"end":{"line":54,"column":28}},{"start":{"line":54,"column":32},"end":{"line":54,"column":34}}]},"8":{"loc":{"start":{"line":55,"column":33},"end":{"line":55,"column":58}},"type":"cond-expr","locations":[{"start":{"line":55,"column":33},"end":{"line":55,"column":58}},{"start":{"line":55,"column":61},"end":{"line":55,"column":63}}]},"9":{"loc":{"start":{"line":56,"column":16},"end":{"line":56,"column":29}},"type":"binary-expr","locations":[{"start":{"line":56,"column":16},"end":{"line":56,"column":29}},{"start":{"line":56,"column":33},"end":{"line":56,"column":35}}]},"10":{"loc":{"start":{"line":87,"column":2},"end":{"line":108,"column":3}},"type":"if","locations":[{"start":{"line":87,"column":2},"end":{"line":108,"column":3}},{"start":{"line":87,"column":2},"end":{"line":108,"column":3}}]},"11":{"loc":{"start":{"line":88,"column":4},"end":{"line":88,"column":15}},"type":"binary-expr","locations":[{"start":{"line":88,"column":4},"end":{"line":88,"column":15}},{"start":{"line":89,"column":4},"end":{"line":89,"column":20}},{"start":{"line":90,"column":4},"end":{"line":90,"column":28}},{"start":{"line":91,"column":4},"end":{"line":91,"column":31}}]},"12":{"loc":{"start":{"line":123,"column":2},"end":{"line":123,"column":41}},"type":"if","locations":[{"start":{"line":123,"column":2},"end":{"line":123,"column":41}},{"start":{"line":123,"column":2},"end":{"line":123,"column":41}}]},"13":{"loc":{"start":{"line":139,"column":2},"end":{"line":143,"column":45}},"type":"if","locations":[{"start":{"line":139,"column":2},"end":{"line":143,"column":45}},{"start":{"line":139,"column":2},"end":{"line":143,"column":45}}]},"14":{"loc":{"start":{"line":141,"column":9},"end":{"line":143,"column":45}},"type":"if","locations":[{"start":{"line":141,"column":9},"end":{"line":143,"column":45}},{"start":{"line":141,"column":9},"end":{"line":143,"column":45}}]},"15":{"loc":{"start":{"line":186,"column":4},"end":{"line":192,"column":5}},"type":"if","locations":[{"start":{"line":186,"column":4},"end":{"line":192,"column":5}},{"start":{"line":186,"column":4},"end":{"line":192,"column":5}}]},"16":{"loc":{"start":{"line":190,"column":11},"end":{"line":192,"column":5}},"type":"if","locations":[{"start":{"line":190,"column":11},"end":{"line":192,"column":5}},{"start":{"line":190,"column":11},"end":{"line":192,"column":5}}]},"17":{"loc":{"start":{"line":195,"column":2},"end":{"line":195,"column":75}},"type":"if","locations":[{"start":{"line":195,"column":2},"end":{"line":195,"column":75}},{"start":{"line":195,"column":2},"end":{"line":195,"column":75}}]},"18":{"loc":{"start":{"line":197,"column":2},"end":{"line":214,"column":3}},"type":"if","locations":[{"start":{"line":197,"column":2},"end":{"line":214,"column":3}},{"start":{"line":197,"column":2},"end":{"line":214,"column":3}}]},"19":{"loc":{"start":{"line":201,"column":4},"end":{"line":211,"column":5}},"type":"if","locations":[{"start":{"line":201,"column":4},"end":{"line":211,"column":5}},{"start":{"line":201,"column":4},"end":{"line":211,"column":5}}]},"20":{"loc":{"start":{"line":204,"column":11},"end":{"line":211,"column":5}},"type":"if","locations":[{"start":{"line":204,"column":11},"end":{"line":211,"column":5}},{"start":{"line":204,"column":11},"end":{"line":211,"column":5}}]},"21":{"loc":{"start":{"line":207,"column":11},"end":{"line":211,"column":5}},"type":"if","locations":[{"start":{"line":207,"column":11},"end":{"line":211,"column":5}},{"start":{"line":207,"column":11},"end":{"line":211,"column":5}}]},"22":{"loc":{"start":{"line":209,"column":11},"end":{"line":211,"column":5}},"type":"if","locations":[{"start":{"line":209,"column":11},"end":{"line":211,"column":5}},{"start":{"line":209,"column":11},"end":{"line":211,"column":5}}]},"23":{"loc":{"start":{"line":212,"column":9},"end":{"line":214,"column":3}},"type":"if","locations":[{"start":{"line":212,"column":9},"end":{"line":214,"column":3}},{"start":{"line":212,"column":9},"end":{"line":214,"column":3}}]},"24":{"loc":{"start":{"line":216,"column":2},"end":{"line":218,"column":3}},"type":"if","locations":[{"start":{"line":216,"column":2},"end":{"line":218,"column":3}},{"start":{"line":216,"column":2},"end":{"line":218,"column":3}}]},"25":{"loc":{"start":{"line":216,"column":6},"end":{"line":216,"column":29}},"type":"binary-expr","locations":[{"start":{"line":216,"column":6},"end":{"line":216,"column":29}},{"start":{"line":216,"column":33},"end":{"line":216,"column":61}}]},"26":{"loc":{"start":{"line":227,"column":44},"end":{"line":227,"column":74}},"type":"cond-expr","locations":[{"start":{"line":227,"column":44},"end":{"line":227,"column":74}},{"start":{"line":227,"column":77},"end":{"line":227,"column":79}}]}},"s":{"0":1,"1":1,"2":1,"3":1,"4":21,"5":1,"6":33,"7":11,"8":1,"9":11,"10":1,"11":12,"12":1,"13":11,"14":11,"15":11,"16":11,"17":1,"18":0,"19":1,"20":0,"21":0,"22":0,"23":0,"24":1,"25":0,"26":1,"27":140,"28":20,"29":120,"30":240,"31":1,"32":10,"33":1,"34":6,"35":6,"36":6,"37":6,"38":6,"39":0,"40":6,"41":0,"42":6,"43":1,"44":10,"45":10,"46":10,"47":70,"48":70,"49":70,"50":6,"51":6,"52":6,"53":64,"54":64,"55":10,"56":10,"57":0,"58":10,"59":3,"60":3,"61":3,"62":3,"63":1,"64":1,"65":2,"66":0,"67":0,"68":2,"69":1,"70":1,"71":0,"72":7,"73":7,"74":10,"75":0,"76":10,"77":1,"78":0,"79":0,"80":0,"81":0,"82":0,"83":0},"f":{"0":21,"1":33,"2":11,"3":11,"4":12,"5":0,"6":0,"7":0,"8":140,"9":240,"10":10,"11":6,"12":10,"13":70,"14":0},"b":{"0":[21,0],"1":[11,22],"2":[1,11],"3":[12,12],"4":[11,0],"5":[11,0],"6":[11,0],"7":[11,0],"8":[11,0],"9":[11,0],"10":[0,0],"11":[0,0,0,0],"12":[20,120],"13":[0,6],"14":[0,6],"15":[6,64],"16":[64,0],"17":[0,10],"18":[3,7],"19":[1,2],"20":[0,2],"21":[1,1],"22":[0,1],"23":[7,0],"24":[0,10],"25":[10,0],"26":[0,0]}}
,"/Users/reywright/repos/wallaby-troubleshoot/app/javascript/easybib/utils/ads.ts": {"path":"/Users/reywright/repos/wallaby-troubleshoot/app/javascript/easybib/utils/ads.ts","statementMap":{"0":{"start":{"line":4,"column":26},"end":{"line":16,"column":1}},"1":{"start":{"line":5,"column":43},"end":{"line":5,"column":60}},"2":{"start":{"line":7,"column":2},"end":{"line":14,"column":3}},"3":{"start":{"line":8,"column":4},"end":{"line":13,"column":6}},"4":{"start":{"line":15,"column":2},"end":{"line":15,"column":26}}},"fnMap":{"0":{"name":"(anonymous_0)","decl":{"start":{"line":4,"column":26},"end":{"line":4,"column":26}},"loc":{"start":{"line":4,"column":41},"end":{"line":16,"column":1}}}},"branchMap":{"0":{"loc":{"start":{"line":7,"column":2},"end":{"line":14,"column":3}},"type":"if","locations":[{"start":{"line":7,"column":2},"end":{"line":14,"column":3}},{"start":{"line":7,"column":2},"end":{"line":14,"column":3}}]},"1":{"loc":{"start":{"line":12,"column":21},"end":{"line":12,"column":47}},"type":"binary-expr","locations":[{"start":{"line":12,"column":21},"end":{"line":12,"column":47}},{"start":{"line":12,"column":51},"end":{"line":12,"column":52}}]}},"s":{"0":1,"1":3,"2":3,"3":3,"4":0},"f":{"0":3},"b":{"0":[3,0],"1":[3,3]}}
,"/Users/reywright/repos/wallaby-troubleshoot/app/javascript/easybib/utils/analyticsFrontendAdapter.ts": {"path":"/Users/reywright/repos/wallaby-troubleshoot/app/javascript/easybib/utils/analyticsFrontendAdapter.ts","statementMap":{"0":{"start":{"line":1,"column":0},"end":{"line":68,"column":-1}},"1":{"start":{"line":20,"column":23},"end":{"line":22,"column":1}},"2":{"start":{"line":21,"column":2},"end":{"line":21,"column":23}},"3":{"start":{"line":25,"column":20},"end":{"line":46,"column":1}},"4":{"start":{"line":25,"column":21},"end":{"line":25,"column":55}},"5":{"start":{"line":26,"column":2},"end":{"line":26,"column":33}},"6":{"start":{"line":26,"column":17},"end":{"line":26,"column":33}},"7":{"start":{"line":28,"column":8},"end":{"line":28,"column":82}},"8":{"start":{"line":28,"column":10},"end":{"line":28,"column":23}},"9":{"start":{"line":28,"column":25},"end":{"line":28,"column":34}},"10":{"start":{"line":28,"column":36},"end":{"line":28,"column":46}},"11":{"start":{"line":29,"column":22},"end":{"line":38,"column":3}},"12":{"start":{"line":39,"column":2},"end":{"line":44,"column":3}},"13":{"start":{"line":40,"column":4},"end":{"line":40,"column":40}},"14":{"start":{"line":43,"column":4},"end":{"line":43,"column":48}},"15":{"start":{"line":45,"column":2},"end":{"line":45,"column":18}},"16":{"start":{"line":48,"column":28},"end":{"line":67,"column":1}},"17":{"start":{"line":50,"column":6},"end":{"line":50,"column":16}},"18":{"start":{"line":51,"column":4},"end":{"line":55,"column":5}},"19":{"start":{"line":59,"column":25},"end":{"line":59,"column":62}},"20":{"start":{"line":59,"column":6},"end":{"line":59,"column":62}},"21":{"start":{"line":62,"column":6},"end":{"line":62,"column":44}},"22":{"start":{"line":66,"column":2},"end":{"line":66,"column":46}}},"fnMap":{"0":{"name":"(anonymous_12)","decl":{"start":{"line":20,"column":23},"end":{"line":null,"column":-1}},"loc":{"start":{"line":20,"column":23},"end":{"line":22,"column":1}}},"1":{"name":"(anonymous_13)","decl":{"start":{"line":25,"column":20},"end":{"line":25,"column":20}},"loc":{"start":{"line":25,"column":55},"end":{"line":46,"column":1}}},"2":{"name":"(anonymous_14)","decl":{"start":{"line":48,"column":28},"end":{"line":48,"column":34}},"loc":{"start":{"line":48,"column":55},"end":{"line":67,"column":1}}}},"branchMap":{"0":{"loc":{"start":{"line":25,"column":21},"end":{"line":25,"column":55}},"type":"if","locations":[{"start":{"line":25,"column":21},"end":{"line":25,"column":55}},{"start":{"line":25,"column":21},"end":{"line":25,"column":55}}]},"1":{"loc":{"start":{"line":26,"column":2},"end":{"line":26,"column":33}},"type":"if","locations":[{"start":{"line":26,"column":2},"end":{"line":26,"column":33}},{"start":{"line":26,"column":2},"end":{"line":26,"column":33}}]},"2":{"loc":{"start":{"line":28,"column":8},"end":{"line":28,"column":81}},"type":"binary-expr","locations":[{"start":{"line":28,"column":8},"end":{"line":28,"column":81}},{"start":{"line":28,"column":8},"end":{"line":28,"column":82}}]},"3":{"loc":{"start":{"line":32,"column":15},"end":{"line":32,"column":31}},"type":"binary-expr","locations":[{"start":{"line":32,"column":15},"end":{"line":32,"column":31}},{"start":{"line":32,"column":35},"end":{"line":32,"column":37}}]},"4":{"loc":{"start":{"line":37,"column":37},"end":{"line":37,"column":45}},"type":"cond-expr","locations":[{"start":{"line":37,"column":37},"end":{"line":37,"column":45}},{"start":{"line":37,"column":48},"end":{"line":37,"column":60}}]},"5":{"loc":{"start":{"line":66,"column":9},"end":{"line":66,"column":25}},"type":"binary-expr","locations":[{"start":{"line":66,"column":9},"end":{"line":66,"column":25}},{"start":{"line":66,"column":29},"end":{"line":66,"column":46}}]}},"s":{"0":1,"1":1,"2":2,"3":1,"4":2,"5":2,"6":0,"7":2,"8":2,"9":2,"10":2,"11":2,"12":2,"13":2,"14":0,"15":2,"16":1,"17":1,"18":0,"19":1,"20":1,"21":0,"22":1},"f":{"0":2,"1":2,"2":1},"b":{"0":[0,2],"1":[0,2],"2":[2,1],"3":[2,0],"4":[1,1],"5":[1,1]}}
,"/Users/reywright/repos/wallaby-troubleshoot/app/javascript/easybib/utils/api.ts": {"path":"/Users/reywright/repos/wallaby-troubleshoot/app/javascript/easybib/utils/api.ts","statementMap":{"0":{"start":{"line":1,"column":0},"end":{"line":36,"column":-1}},"1":{"start":{"line":1,"column":28},"end":{"line":10,"column":1}},"2":{"start":{"line":2,"column":6},"end":{"line":2,"column":18}},"3":{"start":{"line":3,"column":10},"end":{"line":3,"column":34}},"4":{"start":{"line":4,"column":17},"end":{"line":4,"column":38}},"5":{"start":{"line":4,"column":10},"end":{"line":4,"column":38}},"6":{"start":{"line":5,"column":4},"end":{"line":7,"column":5}},"7":{"start":{"line":9,"column":2},"end":{"line":9,"column":17}},"8":{"start":{"line":12,"column":31},"end":{"line":33,"column":1}},"9":{"start":{"line":14,"column":2},"end":{"line":14,"column":24}},"10":{"start":{"line":16,"column":2},"end":{"line":16,"column":31}},"11":{"start":{"line":18,"column":8},"end":{"line":25,"column":3}},"12":{"start":{"line":27,"column":2},"end":{"line":27,"column":47}},"13":{"start":{"line":27,"column":12},"end":{"line":27,"column":47}},"14":{"start":{"line":29,"column":19},"end":{"line":29,"column":45}},"15":{"start":{"line":29,"column":8},"end":{"line":29,"column":45}},"16":{"start":{"line":30,"column":26},"end":{"line":30,"column":61}},"17":{"start":{"line":30,"column":8},"end":{"line":30,"column":61}},"18":{"start":{"line":31,"column":8},"end":{"line":31,"column":56}},"19":{"start":{"line":32,"column":2},"end":{"line":32,"column":23}}},"fnMap":{"0":{"name":"(anonymous_12)","decl":{"start":{"line":1,"column":28},"end":{"line":1,"column":34}},"loc":{"start":{"line":1,"column":53},"end":{"line":10,"column":1}}},"1":{"name":"(anonymous_15)","decl":{"start":{"line":12,"column":31},"end":{"line":13,"column":1}},"loc":{"start":{"line":16,"column":31},"end":{"line":33,"column":1}}}},"branchMap":{"0":{"loc":{"start":{"line":14,"column":2},"end":{"line":14,"column":24}},"type":"if","locations":[{"start":{"line":14,"column":2},"end":{"line":14,"column":24}},{"start":{"line":14,"column":2},"end":{"line":14,"column":24}}]},"1":{"loc":{"start":{"line":16,"column":2},"end":{"line":16,"column":31}},"type":"if","locations":[{"start":{"line":16,"column":2},"end":{"line":16,"column":31}},{"start":{"line":16,"column":2},"end":{"line":16,"column":31}}]},"2":{"loc":{"start":{"line":27,"column":2},"end":{"line":27,"column":47}},"type":"if","locations":[{"start":{"line":27,"column":2},"end":{"line":27,"column":47}},{"start":{"line":27,"column":2},"end":{"line":27,"column":47}}]}},"s":{"0":2,"1":2,"2":0,"3":0,"4":0,"5":0,"6":0,"7":0,"8":2,"9":0,"10":0,"11":0,"12":0,"13":0,"14":0,"15":0,"16":0,"17":0,"18":0,"19":0},"f":{"0":0,"1":0},"b":{"0":[0,0],"1":[0,0],"2":[0,0]}}
,"/Users/reywright/repos/wallaby-troubleshoot/app/javascript/easybib/utils/cheggauth.ts": {"path":"/Users/reywright/repos/wallaby-troubleshoot/app/javascript/easybib/utils/cheggauth.ts","statementMap":{"0":{"start":{"line":1,"column":0},"end":{"line":159,"column":-1}},"1":{"start":{"line":24,"column":34},"end":{"line":28,"column":1}},"2":{"start":{"line":25,"column":24},"end":{"line":25,"column":56}},"3":{"start":{"line":26,"column":2},"end":{"line":26,"column":40}},"4":{"start":{"line":27,"column":2},"end":{"line":27,"column":42}},"5":{"start":{"line":30,"column":35},"end":{"line":39,"column":1}},"6":{"start":{"line":34,"column":18},"end":{"line":34,"column":53}},"7":{"start":{"line":35,"column":2},"end":{"line":37,"column":4}},"8":{"start":{"line":36,"column":4},"end":{"line":36,"column":57}},"9":{"start":{"line":38,"column":2},"end":{"line":38,"column":36}},"10":{"start":{"line":41,"column":28},"end":{"line":41,"column":56}},"11":{"start":{"line":49,"column":18},"end":{"line":49,"column":84}},"12":{"start":{"line":50,"column":22},"end":{"line":52,"column":20}},"13":{"start":{"line":53,"column":16},"end":{"line":53,"column":52}},"14":{"start":{"line":55,"column":2},"end":{"line":55,"column":85}},"15":{"start":{"line":57,"column":25},"end":{"line":65,"column":1}},"16":{"start":{"line":67,"column":31},"end":{"line":98,"column":1}},"17":{"start":{"line":71,"column":19},"end":{"line":78,"column":3}},"18":{"start":{"line":80,"column":15},"end":{"line":83,"column":3}},"19":{"start":{"line":85,"column":2},"end":{"line":89,"column":3}},"20":{"start":{"line":88,"column":4},"end":{"line":88,"column":83}},"21":{"start":{"line":91,"column":2},"end":{"line":93,"column":3}},"22":{"start":{"line":92,"column":4},"end":{"line":92,"column":66}},"23":{"start":{"line":95,"column":21},"end":{"line":95,"column":72}},"24":{"start":{"line":97,"column":2},"end":{"line":97,"column":54}},"25":{"start":{"line":100,"column":21},"end":{"line":120,"column":1}},"26":{"start":{"line":101,"column":2},"end":{"line":101,"column":16}},"27":{"start":{"line":103,"column":4},"end":{"line":108,"column":6}},"28":{"start":{"line":110,"column":4},"end":{"line":110,"column":28}},"29":{"start":{"line":117,"column":2},"end":{"line":117,"column":27}},"30":{"start":{"line":118,"column":8},"end":{"line":118,"column":57}},"31":{"start":{"line":119,"column":2},"end":{"line":119,"column":38}},"32":{"start":{"line":122,"column":23},"end":{"line":135,"column":1}},"33":{"start":{"line":123,"column":2},"end":{"line":123,"column":40}},"34":{"start":{"line":124,"column":2},"end":{"line":131,"column":4}},"35":{"start":{"line":125,"column":12},"end":{"line":125,"column":21}},"36":{"start":{"line":126,"column":4},"end":{"line":130,"column":5}},"37":{"start":{"line":127,"column":6},"end":{"line":127,"column":17}},"38":{"start":{"line":128,"column":11},"end":{"line":130,"column":5}},"39":{"start":{"line":129,"column":6},"end":{"line":129,"column":16}},"40":{"start":{"line":132,"column":2},"end":{"line":134,"column":4}},"41":{"start":{"line":133,"column":4},"end":{"line":133,"column":36}},"42":{"start":{"line":137,"column":34},"end":{"line":158,"column":1}},"43":{"start":{"line":138,"column":2},"end":{"line":138,"column":11}},"44":{"start":{"line":139,"column":2},"end":{"line":139,"column":9}},"45":{"start":{"line":144,"column":2},"end":{"line":146,"column":4}},"46":{"start":{"line":147,"column":2},"end":{"line":147,"column":33}},"47":{"start":{"line":149,"column":2},"end":{"line":149,"column":29}},"48":{"start":{"line":150,"column":2},"end":{"line":150,"column":37}},"49":{"start":{"line":151,"column":2},"end":{"line":157,"column":4}},"50":{"start":{"line":152,"column":4},"end":{"line":156,"column":5}},"51":{"start":{"line":153,"column":6},"end":{"line":153,"column":59}},"52":{"start":{"line":155,"column":6},"end":{"line":155,"column":85}},"53":{"start":{"line":155,"column":52},"end":{"line":155,"column":84}}},"fnMap":{"0":{"name":"(anonymous_14)","decl":{"start":{"line":24,"column":34},"end":{"line":24,"column":34}},"loc":{"start":{"line":24,"column":46},"end":{"line":28,"column":1}}},"1":{"name":"(anonymous_15)","decl":{"start":{"line":30,"column":35},"end":{"line":31,"column":1}},"loc":{"start":{"line":32,"column":47},"end":{"line":39,"column":1}}},"2":{"name":"(anonymous_16)","decl":{"start":{"line":35,"column":21},"end":{"line":35,"column":20}},"loc":{"start":{"line":35,"column":30},"end":{"line":37,"column":3}}},"3":{"name":"(anonymous_17)","decl":{"start":{"line":67,"column":31},"end":{"line":68,"column":1}},"loc":{"start":{"line":69,"column":24},"end":{"line":98,"column":1}}},"4":{"name":"(anonymous_18)","decl":{"start":{"line":100,"column":21},"end":{"line":100,"column":27}},"loc":{"start":{"line":100,"column":63},"end":{"line":120,"column":1}}},"5":{"name":"(anonymous_21)","decl":{"start":{"line":122,"column":23},"end":{"line":122,"column":23}},"loc":{"start":{"line":122,"column":57},"end":{"line":135,"column":1}}},"6":{"name":"(anonymous_22)","decl":{"start":{"line":124,"column":24},"end":{"line":124,"column":24}},"loc":{"start":{"line":124,"column":36},"end":{"line":131,"column":3}}},"7":{"name":"(anonymous_23)","decl":{"start":{"line":132,"column":29},"end":{"line":132,"column":29}},"loc":{"start":{"line":132,"column":46},"end":{"line":134,"column":3}}},"8":{"name":"(anonymous_24)","decl":{"start":{"line":137,"column":34},"end":{"line":137,"column":34}},"loc":{"start":{"line":143,"column":1},"end":{"line":158,"column":1}}},"9":{"name":"(anonymous_25)","decl":{"start":{"line":151,"column":21},"end":{"line":151,"column":20}},"loc":{"start":{"line":151,"column":23},"end":{"line":157,"column":3}}},"10":{"name":"(anonymous_26)","decl":{"start":{"line":155,"column":39},"end":{"line":155,"column":39}},"loc":{"start":{"line":155,"column":47},"end":{"line":155,"column":84}}}},"branchMap":{"0":{"loc":{"start":{"line":49,"column":40},"end":{"line":49,"column":64}},"type":"cond-expr","locations":[{"start":{"line":49,"column":40},"end":{"line":49,"column":64}},{"start":{"line":49,"column":67},"end":{"line":49,"column":84}}]},"1":{"loc":{"start":{"line":51,"column":4},"end":{"line":51,"column":34}},"type":"cond-expr","locations":[{"start":{"line":51,"column":4},"end":{"line":51,"column":34}},{"start":{"line":52,"column":4},"end":{"line":52,"column":20}}]},"2":{"loc":{"start":{"line":85,"column":2},"end":{"line":89,"column":3}},"type":"if","locations":[{"start":{"line":85,"column":2},"end":{"line":89,"column":3}},{"start":{"line":85,"column":2},"end":{"line":89,"column":3}}]},"3":{"loc":{"start":{"line":85,"column":6},"end":{"line":85,"column":13}},"type":"binary-expr","locations":[{"start":{"line":85,"column":6},"end":{"line":85,"column":13}},{"start":{"line":85,"column":17},"end":{"line":85,"column":38}}]},"4":{"loc":{"start":{"line":91,"column":2},"end":{"line":93,"column":3}},"type":"if","locations":[{"start":{"line":91,"column":2},"end":{"line":93,"column":3}},{"start":{"line":91,"column":2},"end":{"line":93,"column":3}}]},"5":{"loc":{"start":{"line":118,"column":23},"end":{"line":118,"column":41}},"type":"binary-expr","locations":[{"start":{"line":118,"column":23},"end":{"line":118,"column":41}},{"start":{"line":118,"column":45},"end":{"line":118,"column":57}}]},"6":{"loc":{"start":{"line":126,"column":4},"end":{"line":130,"column":5}},"type":"if","locations":[{"start":{"line":126,"column":4},"end":{"line":130,"column":5}},{"start":{"line":126,"column":4},"end":{"line":130,"column":5}}]},"7":{"loc":{"start":{"line":126,"column":8},"end":{"line":126,"column":17}},"type":"binary-expr","locations":[{"start":{"line":126,"column":8},"end":{"line":126,"column":17}},{"start":{"line":126,"column":21},"end":{"line":126,"column":56}}]},"8":{"loc":{"start":{"line":128,"column":11},"end":{"line":130,"column":5}},"type":"if","locations":[{"start":{"line":128,"column":11},"end":{"line":130,"column":5}},{"start":{"line":128,"column":11},"end":{"line":130,"column":5}}]},"9":{"loc":{"start":{"line":128,"column":15},"end":{"line":128,"column":24}},"type":"binary-expr","locations":[{"start":{"line":128,"column":15},"end":{"line":128,"column":24}},{"start":{"line":128,"column":28},"end":{"line":128,"column":63}}]},"10":{"loc":{"start":{"line":149,"column":14},"end":{"line":149,"column":23}},"type":"binary-expr","locations":[{"start":{"line":149,"column":14},"end":{"line":149,"column":23}},{"start":{"line":149,"column":27},"end":{"line":149,"column":29}}]},"11":{"loc":{"start":{"line":150,"column":18},"end":{"line":150,"column":31}},"type":"binary-expr","locations":[{"start":{"line":150,"column":18},"end":{"line":150,"column":31}},{"start":{"line":150,"column":35},"end":{"line":150,"column":37}}]},"12":{"loc":{"start":{"line":152,"column":4},"end":{"line":156,"column":5}},"type":"if","locations":[{"start":{"line":152,"column":4},"end":{"line":156,"column":5}},{"start":{"line":152,"column":4},"end":{"line":156,"column":5}}]}},"s":{"0":1,"1":1,"2":1,"3":1,"4":1,"5":1,"6":1,"7":1,"8":1,"9":1,"10":1,"11":1,"12":1,"13":1,"14":1,"15":1,"16":1,"17":5,"18":5,"19":5,"20":2,"21":5,"22":5,"23":5,"24":5,"25":1,"26":0,"27":0,"28":0,"29":0,"30":0,"31":0,"32":1,"33":0,"34":0,"35":0,"36":0,"37":0,"38":0,"39":0,"40":0,"41":0,"42":1,"43":1,"44":1,"45":1,"46":1,"47":1,"48":1,"49":1,"50":0,"51":0,"52":0,"53":0},"f":{"0":1,"1":1,"2":1,"3":5,"4":0,"5":0,"6":0,"7":0,"8":1,"9":0,"10":0},"b":{"0":[1,0],"1":[1,0],"2":[2,3],"3":[5,5],"4":[5,0],"5":[0,0],"6":[0,0],"7":[0,0],"8":[0,0],"9":[0,0],"10":[1,0],"11":[1,0],"12":[0,0]}}
,"/Users/reywright/repos/wallaby-troubleshoot/app/javascript/easybib/utils/citation-style.js": {"path":"/Users/reywright/repos/wallaby-troubleshoot/app/javascript/easybib/utils/citation-style.js","statementMap":{"0":{"start":{"line":3,"column":0},"end":{"line":5,"column":3}},"1":{"start":{"line":6,"column":0},"end":{"line":6,"column":25}},"2":{"start":{"line":8,"column":18},"end":{"line":8,"column":79}},"3":{"start":{"line":10,"column":39},"end":{"line":10,"column":93}},"4":{"start":{"line":12,"column":15},"end":{"line":14,"column":1}},"5":{"start":{"line":13,"column":2},"end":{"line":13,"column":45}},"6":{"start":{"line":16,"column":0},"end":{"line":16,"column":27}}},"fnMap":{"0":{"name":"_interopRequireDefault","decl":{"start":{"line":10,"column":9},"end":{"line":10,"column":31}},"loc":{"start":{"line":10,"column":37},"end":{"line":10,"column":95}},"line":10},"1":{"name":"_default","decl":{"start":{"line":12,"column":24},"end":{"line":12,"column":32}},"loc":{"start":{"line":12,"column":40},"end":{"line":14,"column":1}},"line":12}},"branchMap":{"0":{"loc":{"start":{"line":10,"column":46},"end":{"line":10,"column":92}},"type":"cond-expr","locations":[{"start":{"line":10,"column":70},"end":{"line":10,"column":73}},{"start":{"line":10,"column":76},"end":{"line":10,"column":92}}],"line":10},"1":{"loc":{"start":{"line":10,"column":46},"end":{"line":10,"column":67}},"type":"binary-expr","locations":[{"start":{"line":10,"column":46},"end":{"line":10,"column":49}},{"start":{"line":10,"column":53},"end":{"line":10,"column":67}}],"line":10},"2":{"loc":{"start":{"line":13,"column":9},"end":{"line":13,"column":44}},"type":"binary-expr","locations":[{"start":{"line":13,"column":9},"end":{"line":13,"column":35}},{"start":{"line":13,"column":39},"end":{"line":13,"column":44}}],"line":13}},"s":{"0":0,"1":0,"2":0,"3":0,"4":0,"5":0,"6":0},"f":{"0":0,"1":0},"b":{"0":[0,0],"1":[0,0],"2":[0,0]}}
,"/Users/reywright/repos/wallaby-troubleshoot/app/javascript/easybib/utils/copypaste.js": {"path":"/Users/reywright/repos/wallaby-troubleshoot/app/javascript/easybib/utils/copypaste.js","statementMap":{"0":{"start":{"line":3,"column":0},"end":{"line":5,"column":3}},"1":{"start":{"line":6,"column":0},"end":{"line":6,"column":25}},"2":{"start":{"line":8,"column":25},"end":{"line":8,"column":78}},"3":{"start":{"line":10,"column":39},"end":{"line":10,"column":93}},"4":{"start":{"line":13,"column":0},"end":{"line":20,"column":2}},"5":{"start":{"line":14,"column":11},"end":{"line":14,"column":46}},"6":{"start":{"line":16,"column":2},"end":{"line":16,"column":70}},"7":{"start":{"line":16,"column":27},"end":{"line":16,"column":70}},"8":{"start":{"line":17,"column":2},"end":{"line":17,"column":73}},"9":{"start":{"line":17,"column":28},"end":{"line":17,"column":73}},"10":{"start":{"line":19,"column":2},"end":{"line":19,"column":39}},"11":{"start":{"line":22,"column":15},"end":{"line":22,"column":41}},"12":{"start":{"line":23,"column":0},"end":{"line":23,"column":27}}},"fnMap":{"0":{"name":"_interopRequireDefault","decl":{"start":{"line":10,"column":9},"end":{"line":10,"column":31}},"loc":{"start":{"line":10,"column":37},"end":{"line":10,"column":95}},"line":10},"1":{"name":"(anonymous_1)","decl":{"start":{"line":13,"column":34},"end":{"line":13,"column":35}},"loc":{"start":{"line":13,"column":50},"end":{"line":20,"column":1}},"line":13}},"branchMap":{"0":{"loc":{"start":{"line":10,"column":46},"end":{"line":10,"column":92}},"type":"cond-expr","locations":[{"start":{"line":10,"column":70},"end":{"line":10,"column":73}},{"start":{"line":10,"column":76},"end":{"line":10,"column":92}}],"line":10},"1":{"loc":{"start":{"line":10,"column":46},"end":{"line":10,"column":67}},"type":"binary-expr","locations":[{"start":{"line":10,"column":46},"end":{"line":10,"column":49}},{"start":{"line":10,"column":53},"end":{"line":10,"column":67}}],"line":10},"2":{"loc":{"start":{"line":16,"column":2},"end":{"line":16,"column":70}},"type":"if","locations":[{"start":{"line":16,"column":2},"end":{"line":16,"column":70}},{"start":{"line":16,"column":2},"end":{"line":16,"column":70}}],"line":16},"3":{"loc":{"start":{"line":17,"column":2},"end":{"line":17,"column":73}},"type":"if","locations":[{"start":{"line":17,"column":2},"end":{"line":17,"column":73}},{"start":{"line":17,"column":2},"end":{"line":17,"column":73}}],"line":17}},"s":{"0":0,"1":0,"2":0,"3":0,"4":0,"5":0,"6":0,"7":0,"8":0,"9":0,"10":0,"11":0,"12":0},"f":{"0":0,"1":0},"b":{"0":[0,0],"1":[0,0],"2":[0,0],"3":[0,0]}}
,"/Users/reywright/repos/wallaby-troubleshoot/app/javascript/easybib/utils/environment.ts": {"path":"/Users/reywright/repos/wallaby-troubleshoot/app/javascript/easybib/utils/environment.ts","statementMap":{"0":{"start":{"line":3,"column":30},"end":{"line":14,"column":1}},"1":{"start":{"line":4,"column":2},"end":{"line":4,"column":22}},"2":{"start":{"line":4,"column":13},"end":{"line":4,"column":22}},"3":{"start":{"line":6,"column":2},"end":{"line":12,"column":3}},"4":{"start":{"line":7,"column":4},"end":{"line":7,"column":31}},"5":{"start":{"line":8,"column":9},"end":{"line":12,"column":3}},"6":{"start":{"line":9,"column":4},"end":{"line":9,"column":30}},"7":{"start":{"line":11,"column":4},"end":{"line":11,"column":30}},"8":{"start":{"line":13,"column":2},"end":{"line":13,"column":20}},"9":{"start":{"line":16,"column":20},"end":{"line":18,"column":1}},"10":{"start":{"line":16,"column":33},"end":{"line":16,"column":57}}},"fnMap":{"0":{"name":"(anonymous_0)","decl":{"start":{"line":3,"column":30},"end":{"line":3,"column":30}},"loc":{"start":{"line":3,"column":43},"end":{"line":14,"column":1}}},"1":{"name":"(anonymous_1)","decl":{"start":{"line":16,"column":21},"end":{"line":16,"column":20}},"loc":{"start":{"line":16,"column":29},"end":{"line":16,"column":57}}}},"branchMap":{"0":{"loc":{"start":{"line":4,"column":2},"end":{"line":4,"column":22}},"type":"if","locations":[{"start":{"line":4,"column":2},"end":{"line":4,"column":22}},{"start":{"line":4,"column":2},"end":{"line":4,"column":22}}]},"1":{"loc":{"start":{"line":6,"column":2},"end":{"line":12,"column":3}},"type":"if","locations":[{"start":{"line":6,"column":2},"end":{"line":12,"column":3}},{"start":{"line":6,"column":2},"end":{"line":12,"column":3}}]},"2":{"loc":{"start":{"line":8,"column":9},"end":{"line":12,"column":3}},"type":"if","locations":[{"start":{"line":8,"column":9},"end":{"line":12,"column":3}},{"start":{"line":8,"column":9},"end":{"line":12,"column":3}}]},"3":{"loc":{"start":{"line":17,"column":20},"end":{"line":17,"column":44}},"type":"cond-expr","locations":[{"start":{"line":17,"column":20},"end":{"line":17,"column":44}},{"start":{"line":17,"column":47},"end":{"line":17,"column":56}}]}},"s":{"0":2,"1":6,"2":2,"3":4,"4":1,"5":3,"6":1,"7":2,"8":4,"9":2,"10":2},"f":{"0":6,"1":2},"b":{"0":[2,4],"1":[1,3],"2":[1,2],"3":[2,0]}}
,"/Users/reywright/repos/wallaby-troubleshoot/app/javascript/easybib/utils/getJwtData.ts": {"path":"/Users/reywright/repos/wallaby-troubleshoot/app/javascript/easybib/utils/getJwtData.ts","statementMap":{"0":{"start":{"line":19,"column":2},"end":{"line":26,"column":3}},"1":{"start":{"line":21,"column":21},"end":{"line":21,"column":64}},"2":{"start":{"line":22,"column":26},"end":{"line":22,"column":48}},"3":{"start":{"line":23,"column":4},"end":{"line":23,"column":53}},"4":{"start":{"line":27,"column":2},"end":{"line":27,"column":13}}},"fnMap":{"0":{"name":"(anonymous_0)","decl":{"start":{"line":18,"column":15},"end":{"line":null,"column":-1}},"loc":{"start":{"line":18,"column":15},"end":{"line":28,"column":1}}}},"branchMap":{},"s":{"0":3,"1":3,"2":3,"3":1,"4":2},"f":{"0":3},"b":{}}
,"/Users/reywright/repos/wallaby-troubleshoot/app/javascript/easybib/utils/gtm.ts": {"path":"/Users/reywright/repos/wallaby-troubleshoot/app/javascript/easybib/utils/gtm.ts","statementMap":{"0":{"start":{"line":1,"column":0},"end":{"line":316,"column":-1}},"1":{"start":{"line":6,"column":25},"end":{"line":13,"column":1}},"2":{"start":{"line":7,"column":2},"end":{"line":12,"column":3}},"3":{"start":{"line":8,"column":4},"end":{"line":8,"column":45}},"4":{"start":{"line":9,"column":4},"end":{"line":11,"column":6}},"5":{"start":{"line":15,"column":32},"end":{"line":38,"column":1}},"6":{"start":{"line":16,"column":2},"end":{"line":37,"column":3}},"7":{"start":{"line":17,"column":4},"end":{"line":36,"column":5}},"8":{"start":{"line":18,"column":6},"end":{"line":33,"column":8}},"9":{"start":{"line":27,"column":33},"end":{"line":27,"column":45}},"10":{"start":{"line":28,"column":10},"end":{"line":30,"column":11}},"11":{"start":{"line":29,"column":12},"end":{"line":29,"column":36}},"12":{"start":{"line":35,"column":6},"end":{"line":35,"column":30}},"13":{"start":{"line":40,"column":29},"end":{"line":63,"column":1}},"14":{"start":{"line":40,"column":48},"end":{"line":63,"column":1}},"15":{"start":{"line":42,"column":2},"end":{"line":42,"column":55}},"16":{"start":{"line":44,"column":6},"end":{"line":44,"column":21}},"17":{"start":{"line":45,"column":8},"end":{"line":45,"column":33}},"18":{"start":{"line":46,"column":6},"end":{"line":46,"column":24}},"19":{"start":{"line":50,"column":6},"end":{"line":50,"column":17}},"20":{"start":{"line":52,"column":12},"end":{"line":52,"column":79}},"21":{"start":{"line":54,"column":6},"end":{"line":54,"column":34}},"22":{"start":{"line":56,"column":6},"end":{"line":60,"column":7}},"23":{"start":{"line":57,"column":8},"end":{"line":57,"column":26}},"24":{"start":{"line":59,"column":8},"end":{"line":59,"column":43}},"25":{"start":{"line":65,"column":25},"end":{"line":70,"column":2}},"26":{"start":{"line":65,"column":77},"end":{"line":70,"column":2}},"27":{"start":{"line":72,"column":30},"end":{"line":72,"column":83}},"28":{"start":{"line":74,"column":30},"end":{"line":74,"column":86}},"29":{"start":{"line":76,"column":21},"end":{"line":81,"column":2}},"30":{"start":{"line":76,"column":37},"end":{"line":76,"column":66}},"31":{"start":{"line":76,"column":80},"end":{"line":81,"column":2}},"32":{"start":{"line":82,"column":26},"end":{"line":82,"column":66}},"33":{"start":{"line":83,"column":29},"end":{"line":83,"column":87}},"34":{"start":{"line":84,"column":26},"end":{"line":84,"column":83}},"35":{"start":{"line":85,"column":27},"end":{"line":85,"column":84}},"36":{"start":{"line":86,"column":28},"end":{"line":86,"column":70}},"37":{"start":{"line":87,"column":29},"end":{"line":87,"column":73}},"38":{"start":{"line":88,"column":29},"end":{"line":88,"column":73}},"39":{"start":{"line":89,"column":28},"end":{"line":91,"column":1}},"40":{"start":{"line":92,"column":29},"end":{"line":94,"column":1}},"41":{"start":{"line":95,"column":30},"end":{"line":97,"column":1}},"42":{"start":{"line":98,"column":29},"end":{"line":98,"column":81}},"43":{"start":{"line":99,"column":32},"end":{"line":99,"column":87}},"44":{"start":{"line":101,"column":28},"end":{"line":108,"column":1}},"45":{"start":{"line":102,"column":2},"end":{"line":107,"column":4}},"46":{"start":{"line":110,"column":24},"end":{"line":115,"column":1}},"47":{"start":{"line":111,"column":2},"end":{"line":114,"column":4}},"48":{"start":{"line":117,"column":25},"end":{"line":123,"column":1}},"49":{"start":{"line":118,"column":2},"end":{"line":122,"column":4}},"50":{"start":{"line":125,"column":26},"end":{"line":133,"column":1}},"51":{"start":{"line":126,"column":2},"end":{"line":132,"column":4}},"52":{"start":{"line":135,"column":28},"end":{"line":142,"column":1}},
[...]
,"/Users/reywright/repos/wallaby-troubleshoot/app/javascript/easybib/utils/utils.ts": {"path":"/Users/reywright/repos/wallaby-troubleshoot/app/javascript/easybib/utils/utils.ts","statementMap":{"0":{"start":{"line":1,"column":0},"end":{"line":205,"column":-1}},"1":{"start":{"line":14,"column":29},"end":{"line":36,"column":1}},"2":{"start":{"line":16,"column":2},"end":{"line":16,"column":34}},"3":{"start":{"line":18,"column":22},"end":{"line":18,"column":75}},"4":{"start":{"line":19,"column":2},"end":{"line":19,"column":88}},"5":{"start":{"line":19,"column":38},"end":{"line":19,"column":88}},"6":{"start":{"line":21,"column":17},"end":{"line":24,"column":16}},"7":{"start":{"line":22,"column":4},"end":{"line":24,"column":16}},"8":{"start":{"line":25,"column":17},"end":{"line":25,"column":69}},"9":{"start":{"line":25,"column":34},"end":{"line":25,"column":69}},"10":{"start":{"line":27,"column":2},"end":{"line":35,"column":4}},"11":{"start":{"line":28,"column":17},"end":{"line":28,"column":35}},"12":{"start":{"line":29,"column":17},"end":{"line":29,"column":35}},"13":{"start":{"line":30,"column":16},"end":{"line":30,"column":31}},"14":{"start":{"line":32,"column":4},"end":{"line":32,"column":31}},"15":{"start":{"line":32,"column":21},"end":{"line":32,"column":31}},"16":{"start":{"line":33,"column":4},"end":{"line":33,"column":32}},"17":{"start":{"line":33,"column":21},"end":{"line":33,"column":32}},"18":{"start":{"line":34,"column":4},"end":{"line":34,"column":12}},"19":{"start":{"line":38,"column":23},"end":{"line":41,"column":41}},"20":{"start":{"line":39,"column":2},"end":{"line":41,"column":41}},"21":{"start":{"line":40,"column":27},"end":{"line":40,"column":50}},"22":{"start":{"line":41,"column":24},"end":{"line":41,"column":40}},"23":{"start":{"line":43,"column":21},"end":{"line":44,"column":60}},"24":{"start":{"line":44,"column":2},"end":{"line":44,"column":60}},"25":{"start":{"line":46,"column":32},"end":{"line":70,"column":1}},"26":{"start":{"line":48,"column":2},"end":{"line":48,"column":20}},"27":{"start":{"line":50,"column":21},"end":{"line":50,"column":38}},"28":{"start":{"line":51,"column":24},"end":{"line":53,"column":3}},"29":{"start":{"line":52,"column":19},"end":{"line":52,"column":60}},"30":{"start":{"line":54,"column":2},"end":{"line":56,"column":3}},"31":{"start":{"line":55,"column":4},"end":{"line":55,"column":34}},"32":{"start":{"line":57,"column":20},"end":{"line":57,"column":59}},"33":{"start":{"line":58,"column":14},"end":{"line":58,"column":33}},"34":{"start":{"line":60,"column":2},"end":{"line":60,"column":26}},"35":{"start":{"line":60,"column":17},"end":{"line":60,"column":26}},"36":{"start":{"line":61,"column":2},"end":{"line":63,"column":3}},"37":{"start":{"line":62,"column":4},"end":{"line":62,"column":61}},"38":{"start":{"line":64,"column":2},"end":{"line":68,"column":3}},"39":{"start":{"line":65,"column":4},"end":{"line":67,"column":17}},"40":{"start":{"line":69,"column":2},"end":{"line":69,"column":41}},"41":{"start":{"line":72,"column":34},"end":{"line":78,"column":1}},"42":{"start":{"line":73,"column":2},"end":{"line":76,"column":3}},"43":{"start":{"line":74,"column":10},"end":{"line":74,"column":62}},"44":{"start":{"line":74,"column":12},"end":{"line":74,"column":22}},"45":{"start":{"line":74,"column":24},"end":{"line":74,"column":32}},"46":{"start":{"line":75,"column":4},"end":{"line":75,"column":49}},"47":{"start":{"line":77,"column":2},"end":{"line":77,"column":11}},"48":{"start":{"line":80,"column":29},"end":{"line":92,"column":1}},"49":{"start":{"line":81,"column":2},"end":{"line":81,"column":45}},"50":{"start":{"line":81,"column":23},"end":{"line":81,"column":45}},"51":{"start":{"line":82,"column":2},"end":{"line":84,"column":3}},"52":{"start":{"line":83,"column":4},"end":{"line":83,"column":33}},"53":{"start":{"line":85,"column":2},"end":{"line":87,"column":3}},"54":{"start":{"line":86,"column":4},"end":{"line":86,"column":35}},"55":{"start":{"line":88,"column":2},"end":{"line":90,"column":3}},"56":{"start":{"line":89,"column":4},"end":{"line":89,"column":42}},"57":{"start":{"line":91,"column":2},"end":{"line":91,"column":11}},"58":{"start":{"line":94,"column":28},"end":{"line":98,"column":1}},"59":{"start":{"line":95,"column":2},"end":{"line":95,"column":54}},"60":{"start":{"line":95,"column":38},"end":{"line":95,"column":54}},"61":{"start":{"line":96,"column":15},"end":{"line":96,"column":36}},"62":{"start":{"line":97,"column":2},"end":{"line":97,"column":28}},"63":{"start":{"line":100,"column":29},"end":{"line":138,"column":1}},"64":{"start":{"line":140,"column":32},"end":{"line":143,"column":1}},"65":{"start":{"line":149,"column":35},"end":{"line":150,"column":89}},"66":{"start":{"line":150,"column":2},"end":{"line":150,"column":89}},"67":{"start":{"line":150,"column":52},"end":{"line":150,"column":88}},"68":{"start":{"line":152,"column":30},"end":{"line":159,"column":1}},"69":{"start":{"line":153,"column":2},"end":{"line":158,"column":4}},"70":{"start":{"line":154,"column":17},"end":{"line":157,"column":15}},"71":{"start":{"line":155,"column":6},"end":{"line":155,"column":24}},"72":{"start":{"line":156,"column":6},"end":{"line":156,"column":15}},"73":{"start":{"line":186,"column":25},"end":{"line":196,"column":1}},"74":{"start":{"line":187,"column":19},"end":{"line":189,"column":3}},"75":{"start":{"line":187,"column":8},"end":{"line":189,"column":3}},"76":{"start":{"line":191,"column":2},"end":{"line":195,"column":3}},"77":{"start":{"line":198,"column":33},"end":{"line":202,"column":1}},"78":{"start":{"line":199,"column":15},"end":{"line":199,"column":32}},"79":{"start":{"line":199,"column":8},"end":{"line":199,"column":32}},"80":{"start":{"line":200,"column":2},"end":{"line":200,"column":17}},"81":{"start":{"line":201,"column":2},"end":{"line":201,"column":13}},"82":{"start":{"line":204,"column":30},"end":{"line":204,"column":75}},"83":{"start":{"line":204,"column":36},"end":{"line":204,"column":75}}},"fnMap":{"0":{"name":"(anonymous_14)","decl":{"start":{"line":14,"column":29},"end":{"line":15,"column":1}},"loc":{"start":{"line":16,"column":34},"end":{"line":36,"column":1}}},"1":{"name":"(anonymous_15)","decl":{"start":{"line":21,"column":17},"end":{"line":21,"column":17}},"loc":{"start":{"line":21,"column":44},"end":{"line":24,"column":16}}},"2":{"name":"(anonymous_16)","decl":{"start":{"line":25,"column":17},"end":{"line":25,"column":17}},"loc":{"start":{"line":25,"column":29},"end":{"line":25,"column":69}}},"3":{"name":"(anonymous_17)","decl":{"start":{"line":27,"column":24},"end":{"line":27,"column":24}},"loc":{"start":{"line":27,"column":29},"end":{"line":35,"column":3}}},"4":{"name":"(anonymous_18)","decl":{"start":{"line":38,"column":23},"end":{"line":38,"column":23}},"loc":{"start":{"line":38,"column":47},"end":{"line":41,"column":41}}},"5":{"name":"(anonymous_19)","decl":{"start":{"line":40,"column":12},"end":{"line":40,"column":11}},"loc":{"start":{"line":40,"column":23},"end":{"line":40,"column":50}}},"6":{"name":"(anonymous_20)","decl":{"start":{"line":41,"column":9},"end":{"line":41,"column":8}},"loc":{"start":{"line":41,"column":20},"end":{"line":41,"column":40}}},"7":{"name":"(anonymous_21)","decl":{"start":{"line":43,"column":21},"end":{"line":43,"column":21}},"loc":{"start":{"line":43,"column":67},"end":{"line":44,"column":60}}},"8":{"name":"(anonymous_22)","decl":{"start":{"line":46,"column":32},"end":{"line":47,"column":1}},"loc":{"start":{"line":48,"column":20},"end":{"line":70,"column":1}}},"9":{"name":"(anonymous_23)","decl":{"start":{"line":52,"column":4},"end":{"line":52,"column":3}},"loc":{"start":{"line":52,"column":15},"end":{"line":52,"column":60}}},"10":{"name":"(anonymous_24)","decl":{"start":{"line":72,"column":34},"end":{"line":72,"column":34}},"loc":{"start":{"line":72,"column":53},"end":{"line":78,"column":1}}},"11":{"name":"(anonymous_25)","decl":{"start":{"line":80,"column":29},"end":{"line":80,"column":29}},"loc":{"start":{"line":80,"column":48},"end":{"line":92,"column":1}}},"12":{"name":"(anonymous_26)","decl":{"start":{"line":94,"column":28},"end":{"line":94,"column":28}},"loc":{"start":{"line":94,"column":48},"end":{"line":98,"column":1}}},"13":{"name":"(anonymous_27)","decl":{"start":{"line":149,"column":35},"end":{"line":149,"column":34}},"loc":{"start":{"line":149,"column":38},"end":{"line":150,"column":89}}},"14":{"name":"(anonymous_28)","decl":{"start":{"line":150,"column":31},"end":{"line":150,"column":31}},"loc":{"start":{"line":150,"column":47},"end":{"line":150,"column":88}}},"15":{"name":"(anonymous_29)","decl":{"start":{"line":152,"column":30},"end":{"line":152,"column":29}},"loc":{"start":{"line":152,"column":37},"end":{"line":159,"column":1}}},"16":{"name":"(anonymous_30)","decl":{"start":{"line":153,"column":21},"end":{"line":153,"column":21}},"loc":{"start":{"line":153,"column":37},"end":{"line":158,"column":3}}},"17":{"name":"(anonymous_31)","decl":{"start":{"line":154,"column":28},"end":{"line":null,"column":-1}},"loc":{"start":{"line":154,"column":28},"end":{"line":157,"column":5}}},"18":{"name":"(anonymous_32)","decl":{"start":{"line":186,"column":25},"end":{"line":186,"column":34}},"loc":{"start":{"line":186,"column":25},"end":{"line":196,"column":1}}},"19":{"name":"(anonymous_35)","decl":{"start":{"line":198,"column":33},"end":{"line":198,"column":42}},"loc":{"start":{"line":198,"column":33},"end":{"line":202,"column":1}}},"20":{"name":"(anonymous_38)","decl":{"start":{"line":204,"column":30},"end":{"line":204,"column":35}},"loc":{"start":{"line":204,"column":30},"end":{"line":204,"column":75}}}},"branchMap":{"0":{"loc":{"start":{"line":16,"column":2},"end":{"line":16,"column":34}},"type":"if","locations":[{"start":{"line":16,"column":2},"end":{"line":16,"column":34}},{"start":{"line":16,"column":2},"end":{"line":16,"column":34}}]},"1":{"loc":{"start":{"line":19,"column":2},"end":{"line":19,"column":88}},"type":"if","locations":[{"start":{"line":19,"column":2},"end":{"line":19,"column":88}},{"start":{"line":19,"column":2},"end":{"line":19,"column":88}}]},"2":{"loc":{"start":{"line":23,"column":8},"end":{"line":23,"column":69}},"type":"cond-expr","locations":[{"start":{"line":23,"column":8},"end":{"line":23,"column":69}},{"start":{"line":24,"column":8},"end":{"line":24,"column":16}}]},"3":{"loc":{"start":{"line":25,"column":62},"end":{"line":25,"column":63}},"type":"cond-expr","locations":[{"start":{"line":25,"column":62},"end":{"line":25,"column":63}},{"start":{"line":25,"column":66},"end":{"line":25,"column":68}}]},"4":{"loc":{"start":{"line":32,"column":4},"end":{"line":32,"column":31}},"type":"if","locations":[{"start":{"line":32,"column":4},"end":{"line":32,"column":31}},{"start":{"line":32,"column":4},"end":{"line":32,"column":31}}]},"5":{"loc":{"start":{"line":33,"column":4},"end":{"line":33,"column":32}},"type":"if","locations":[{"start":{"line":33,"column":4},"end":{"line":33,"column":32}},{"start":{"line":33,"column":4},"end":{"line":33,"column":32}}]},"6":{"loc":{"start":{"line":44,"column":28},"end":{"line":44,"column":46}},"type":"cond-expr","locations":[{"start":{"line":44,"column":28},"end":{"line":44,"column":46}},{"start":{"line":44,"column":49},"end":{"line":44,"column":60}}]},"7":{"loc":{"start":{"line":48,"column":2},"end":{"line":48,"column":20}},"type":"if","locations":[{"start":{"line":48,"column":2},"end":{"line":48,"column":20}},{"start":{"line":48,"column":2},"end":{"line":48,"column":20}}]},"8":{"loc":{"start":{"line":54,"column":2},"end":{"line":56,"column":3}},"type":"if","locations":[{"start":{"line":54,"column":2},"end":{"line":56,"column":3}},{"start":{"line":54,"column":2},"end":{"line":56,"column":3}}]},"9":{"loc":{"start":{"line":54,"column":6},"end":{"line":54,"column":19}},"type":"binary-expr","locations":[{"start":{"line":54,"column":6},"end":{"line":54,"column":19}},{"start":{"line":54,"column":23},"end":{"line":54,"column":38}}]},"10":{"loc":{"start":{"line":57,"column":46},"end":{"line":57,"column":52}},"type":"cond-expr","locations":[{"start":{"line":57,"column":46},"end":{"line":57,"column":52}},{"start":{"line":57,"column":55},"end":{"line":57,"column":59}}]},"11":{"loc":{"start":{"line":60,"column":2},"end":{"line":60,"column":26}},"type":"if","locations":[{"start":{"line":60,"column":2},"end":{"line":60,"column":26}},{"start":{"line":60,"column":2},"end":{"line":60,"column":26}}]},"12":{"loc":{"start":{"line":61,"column":2},"end":{"line":63,"column":3}},"type":"if","locations":[{"start":{"line":61,"column":2},"end":{"line":63,"column":3}},{"start":{"line":61,"column":2},"end":{"line":63,"column":3}}]},"13":{"loc":{"start":{"line":61,"column":6},"end":{"line":61,"column":15}},"type":"binary-expr","locations":[{"start":{"line":61,"column":6},"end":{"line":61,"column":15}},{"start":{"line":61,"column":19},"end":{"line":61,"column":28}}]},"14":{"loc":{"start":{"line":64,"column":2},"end":{"line":68,"column":3}},"type":"if","locations":[{"start":{"line":64,"column":2},"end":{"line":68,"column":3}},{"start":{"line":64,"column":2},"end":{"line":68,"column":3}}]},"15":{"loc":{"start":{"line":64,"column":6},"end":{"line":64,"column":21}},"type":"binary-expr","locations":[{"start":{"line":64,"column":6},"end":{"line":64,"column":21}},{"start":{"line":64,"column":25},"end":{"line":64,"column":33}}]},"16":{"loc":{"start":{"line":73,"column":2},"end":{"line":76,"column":3}},"type":"if","locations":[{"start":{"line":73,"column":2},"end":{"line":76,"column":3}},{"start":{"line":73,"column":2},"end":{"line":76,"column":3}}]},"17":{"loc":{"start":{"line":74,"column":12},"end":{"line":74,"column":21}},"type":"cond-expr","locations":[{"start":{"line":74,"column":12},"end":{"line":74,"column":21}},{"start":{"line":74,"column":12},"end":{"line":74,"column":22}}]},"18":{"loc":{"start":{"line":74,"column":24},"end":{"line":74,"column":31}},"type":"cond-expr","locations":[{"start":{"line":74,"column":24},"end":{"line":74,"column":31}},{"start":{"line":74,"column":24},"end":{"line":74,"column":32}}]},"19":{"loc":{"start":{"line":75,"column":22},"end":{"line":75,"column":27}},"type":"binary-expr","locations":[{"start":{"line":75,"column":22},"end":{"line":75,"column":27}},{"start":{"line":75,"column":31},"end":{"line":75,"column":34}},{"start":{"line":75,"column":38},"end":{"line":75,"column":41}}]},"20":{"loc":{"start":{"line":81,"column":2},"end":{"line":81,"column":45}},"type":"if","locations":[{"start":{"line":81,"column":2},"end":{"line":81,"column":45}},{"start":{"line":81,"column":2},"end":{"line":81,"column":45}}]},"21":{"loc":{"start":{"line":82,"column":2},"end":{"line":84,"column":3}},"type":"if","locations":[{"start":{"line":82,"column":2},"end":{"line":84,"column":3}},{"start":{"line":82,"column":2},"end":{"line":84,"column":3}}]},"22":{"loc":{"start":{"line":82,"column":6},"end":{"line":82,"column":22}},"type":"binary-expr","locations":[{"start":{"line":82,"column":6},"end":{"line":82,"column":22}},{"start":{"line":82,"column":26},"end":{"line":82,"column":48}}]},"23":{"loc":{"start":{"line":85,"column":2},"end":{"line":87,"column":3}},"type":"if","locations":[{"start":{"line":85,"column":2},"end":{"line":87,"column":3}},{"start":{"line":85,"column":2},"end":{"line":87,"column":3}}]},"24":{"loc":{"start":{"line":85,"column":6},"end":{"line":85,"column":24}},"type":"binary-expr","locations":[{"start":{"line":85,"column":6},"end":{"line":85,"column":24}},{"start":{"line":85,"column":28},"end":{"line":85,"column":52}}]},"25":{"loc":{"start":{"line":88,"column":2},"end":{"line":90,"column":3}},"type":"if","locations":[{"start":{"line":88,"column":2},"end":{"line":90,"column":3}},{"start":{"line":88,"column":2},"end":{"line":90,"column":3}}]},"26":{"loc":{"start":{"line":88,"column":6},"end":{"line":88,"column":31}},"type":"binary-expr","locations":[{"start":{"line":88,"column":6},"end":{"line":88,"column":31}},{"start":{"line":88,"column":35},"end":{"line":88,"column":66}}]},"27":{"loc":{"start":{"line":95,"column":2},"end":{"line":95,"column":54}},"type":"if","locations":[{"start":{"line":95,"column":2},"end":{"line":95,"column":54}},{"start":{"line":95,"column":2},"end":{"line":95,"column":54}}]},"28":{"loc":{"start":{"line":95,"column":6},"end":{"line":95,"column":15}},"type":"binary-expr","locations":[{"start":{"line":95,"column":6},"end":{"line":95,"column":15}},{"start":{"line":95,"column":19},"end":{"line":95,"column":36}}]},"29":{"loc":{"start":{"line":150,"column":53},"end":{"line":150,"column":57}},"type":"binary-expr","locations":[{"start":{"line":150,"column":53},"end":{"line":150,"column":57}},{"start":{"line":150,"column":61},"end":{"line":150,"column":64}}]}},"s":{"0":2,"1":2,"2":4,"3":4,"4":4,"5":1,"6":3,"7":50,"8":3,"9":25,"10":3,"11":25,"12":25,"13":25,"14":25,"15":15,"16":10,"17":10,"18":0,"19":2,"20":4,"21":8,"22":8,"23":2,"24":3,"25":2,"26":9,"27":7,"28":7,"29":17,"30":7,"31":0,"32":7,"33":7,"34":7,"35":1,"36":6,"37":3,"38":3,"39":1,"40":2,"41":2,"42":0,"43":0,"44":0,"45":0,"46":0,"47":0,"48":2,"49":4,"50":1,"51":3,"52":1,"53":2,"54":1,"55":1,"56":1,"57":0,"58":2,"59":3,"60":2,"61":1,"62":1,"63":2,"64":2,"65":2,"66":4,"67":6,"68":2,"69":0,"70":0,"71":0,"72":0,"73":2,"74":1,"75":1,"76":1,"77":2,"78":1,"79":1,"80":1,"81":1,"82":2,"83":2},"f":{"0":4,"1":50,"2":25,"3":25,"4":4,"5":8,"6":8,"7":3,"8":7,"9":17,"10":0,"11":4,"12":3,"13":4,"14":6,"15":0,"16":0,"17":0,"18":1,"19":1,"20":2},"b":{"0":[0,4],"1":[1,3],"2":[10,40],"3":[10,15],"4":[15,10],"5":[10,0],"6":[1,2],"7":[2,5],"8":[0,7],"9":[7,0],"10":[2,5],"11":[1,6],"12":[3,3],"13":[6,5],"14":[1,2],"15":[3,2],"16":[0,0],"17":[0,0],"18":[0,0],"19":[0,0,0],"20":[1,3],"21":[1,2],"22":[3,1],"23":[1,1],"24":[2,1],"25":[1,0],"26":[1,1],"27":[2,1],"28":[3,2],"29":[6,2]}}
,"/Users/reywright/repos/wallaby-troubleshoot/app/javascript/easybib/utils/mocks/historyMock.js": {"path":"/Users/reywright/repos/wallaby-troubleshoot/app/javascript/easybib/utils/mocks/historyMock.js","statementMap":{"0":{"start":{"line":3,"column":0},"end":{"line":5,"column":3}},"1":{"start":{"line":6,"column":0},"end":{"line":6,"column":25}},"2":{"start":{"line":7,"column":15},"end":{"line":9,"column":1}},"3":{"start":{"line":10,"column":0},"end":{"line":10,"column":27}}},"fnMap":{"0":{"name":"listen","decl":{"start":{"line":8,"column":19},"end":{"line":8,"column":25}},"loc":{"start":{"line":8,"column":28},"end":{"line":8,"column":30}},"line":8}},"branchMap":{},"s":{"0":0,"1":0,"2":0,"3":0},"f":{"0":0},"b":{}}
,"/Users/reywright/repos/wallaby-troubleshoot/app/javascript/easybib/utils/mocks/storeMock.js": {"path":"/Users/reywright/repos/wallaby-troubleshoot/app/javascript/easybib/utils/mocks/storeMock.js","statementMap":{"0":{"start":{"line":3,"column":0},"end":{"line":5,"column":3}},"1":{"start":{"line":6,"column":0},"end":{"line":6,"column":25}},"2":{"start":{"line":7,"column":15},"end":{"line":22,"column":1}},"3":{"start":{"line":23,"column":0},"end":{"line":23,"column":27}}},"fnMap":{},"branchMap":{},"s":{"0":0,"1":0,"2":0,"3":0},"f":{},"b":{}}
,"/Users/reywright/repos/wallaby-troubleshoot/config/jest/testSetup.js": {"path":"/Users/reywright/repos/wallaby-troubleshoot/config/jest/testSetup.js","statementMap":{"0":{"start":{"line":1,"column":0},"end":{"line":null,"column":-1}}},"fnMap":{},"branchMap":{},"s":{"0":12},"f":{},"b":{}}
,"/Users/reywright/repos/wallaby-troubleshoot/config/jest/testShim.js": {"path":"/Users/reywright/repos/wallaby-troubleshoot/config/jest/testShim.js","statementMap":{"0":{"start":{"line":1,"column":0},"end":{"line":null,"column":-1}}},"fnMap":{},"branchMap":{},"s":{"0":0},"f":{},"b":{}}
}
